0 verbose cli C:\Program Files\nodejs\node.exe C:\Program Files\nodejs\node_modules\npm\bin\npm-cli.js
1 info using npm@10.2.4
2 info using node@v21.4.0
3 timing npm:load:whichnode Completed in 8ms
4 timing config:load:defaults Completed in 7ms
5 timing config:load:file:C:\Program Files\nodejs\node_modules\npm\npmrc Completed in 13ms
6 timing config:load:builtin Completed in 14ms
7 timing config:load:cli Completed in 9ms
8 timing config:load:env Completed in 1ms
9 timing config:load:project Completed in 1ms
10 timing config:load:file:C:\Users\hamak\.npmrc Completed in 0ms
11 timing config:load:user Completed in 1ms
12 timing config:load:file:C:\Users\hamak\AppData\Roaming\npm\etc\npmrc Completed in 1ms
13 timing config:load:global Completed in 1ms
14 timing config:load:setEnvs Completed in 2ms
15 timing config:load Completed in 40ms
16 timing npm:load:configload Completed in 40ms
17 timing config:load:flatten Completed in 8ms
18 timing npm:load:mkdirpcache Completed in 1ms
19 timing npm:load:mkdirplogs Completed in 0ms
20 verbose title npm prefix
21 verbose argv "prefix" "--global"
22 timing npm:load:setTitle Completed in 1ms
23 timing npm:load:display Completed in 1ms
24 verbose logfile logs-max:10 dir:C:\NextProjects\todo-app-next.js\customform\_logs\2024-02-03T04_02_45_452Z-
25 verbose logfile C:\NextProjects\todo-app-next.js\customform\_logs\2024-02-03T04_02_45_452Z-debug-0.log
26 timing npm:load:logFile Completed in 23ms
27 timing npm:load:timers Completed in 0ms
28 timing npm:load:configScope Completed in 0ms
29 timing npm:load Completed in 147ms
30 timing command:prefix Completed in 4ms
31 verbose exit 0
32 timing npm Completed in 344ms
33 info ok
