0 verbose cli C:\Program Files\nodejs\node.exe C:\Users\hamak\AppData\Roaming\npm\node_modules\npm\bin\npm-cli.js
1 info using npm@10.3.0
2 info using node@v21.4.0
3 timing npm:load:whichnode Completed in 2ms
4 timing config:load:defaults Completed in 3ms
5 timing config:load:file:C:\Users\hamak\AppData\Roaming\npm\node_modules\npm\npmrc Completed in 7ms
6 timing config:load:builtin Completed in 7ms
7 timing config:load:cli Completed in 2ms
8 timing config:load:env Completed in 0ms
9 timing config:load:file:C:\NextProjects\todo-app-next.js\.npmrc Completed in 1ms
10 timing config:load:project Completed in 3ms
11 timing config:load:file:C:\Users\hamak\.npmrc Completed in 0ms
12 timing config:load:user Completed in 0ms
13 timing config:load:file:C:\Users\hamak\AppData\Roaming\npm\etc\npmrc Completed in 1ms
14 timing config:load:global Completed in 1ms
15 timing config:load:setEnvs Completed in 0ms
16 timing config:load Completed in 18ms
17 timing npm:load:configload Completed in 18ms
18 timing config:load:flatten Completed in 2ms
19 timing npm:load:mkdirpcache Completed in 1ms
20 timing npm:load:mkdirplogs Completed in 0ms
21 verbose title npm i json-server
22 verbose argv "i" "json-server"
23 timing npm:load:setTitle Completed in 2ms
24 timing npm:load:display Completed in 0ms
25 verbose logfile logs-max:10 dir:C:\NextProjects\todo-app-next.js\customform\_logs\2024-02-05T11_44_36_540Z-
26 verbose logfile C:\NextProjects\todo-app-next.js\customform\_logs\2024-02-05T11_44_36_540Z-debug-0.log
27 timing npm:load:logFile Completed in 10ms
28 timing npm:load:timers Completed in 0ms
29 timing npm:load:configScope Completed in 0ms
30 timing npm:load Completed in 69ms
31 timing arborist:ctor Completed in 1ms
32 silly logfile done cleaning log files
33 timing idealTree:init Completed in 213ms
34 timing idealTree:userRequests Completed in 1ms
35 silly idealTree buildDeps
36 silly fetch manifest json-server@*
37 http fetch GET 200 https://registry.npmjs.org/json-server 379ms (cache miss)
38 silly placeDep ROOT json-server@1.0.0-alpha.23 OK for: todo-app-next.js@0.1.0 want: *
39 silly fetch manifest @tinyhttp/app@^2.2.3
40 silly fetch manifest @tinyhttp/cors@^2.0.0
41 silly fetch manifest chalk@^5.3.0
42 silly fetch manifest dot-prop@^8.0.2
43 silly fetch manifest eta@^3.2.0
44 silly fetch manifest inflection@^3.0.0
45 silly fetch manifest json5@^2.2.3
46 silly fetch manifest lowdb@^7.0.1
47 silly fetch manifest milliparsec@^2.3.0
48 silly fetch manifest sirv@^2.0.4
49 silly fetch manifest sort-on@^6.0.0
50 timing arborist:ctor Completed in 0ms
51 http fetch GET 200 https://registry.npmjs.org/json5 262ms (cache miss)
52 http fetch GET 200 https://registry.npmjs.org/dot-prop 302ms (cache miss)
53 http fetch GET 200 https://registry.npmjs.org/chalk 328ms (cache miss)
54 http fetch GET 200 https://registry.npmjs.org/sort-on 801ms (cache miss)
55 http fetch GET 200 https://registry.npmjs.org/inflection 817ms (cache miss)
56 http fetch GET 200 https://registry.npmjs.org/milliparsec 826ms (cache miss)
57 http fetch GET 200 https://registry.npmjs.org/sirv 829ms (cache miss)
58 http fetch GET 200 https://registry.npmjs.org/eta 834ms (cache miss)
59 http fetch GET 200 https://registry.npmjs.org/lowdb 846ms (cache miss)
60 http fetch GET 200 https://registry.npmjs.org/@tinyhttp%2fcors 1152ms (cache miss)
61 http fetch GET 200 https://registry.npmjs.org/@tinyhttp%2fapp 1432ms (cache miss)
62 timing idealTree:#root Completed in 1834ms
63 silly placeDep ROOT @tinyhttp/app@2.2.3 OK for: json-server@1.0.0-alpha.23 want: ^2.2.3
64 silly fetch manifest header-range-parser@1.1.3
65 silly fetch manifest regexparam@^2.0.1
66 silly fetch manifest @tinyhttp/cookie@2.1.0
67 silly fetch manifest @tinyhttp/res@2.2.2
68 silly fetch manifest @tinyhttp/proxy-addr@2.1.3
69 silly fetch manifest @tinyhttp/req@2.2.2
70 silly fetch manifest @tinyhttp/router@2.2.2
71 silly placeDep ROOT @tinyhttp/cors@2.0.0 OK for: json-server@1.0.0-alpha.23 want: ^2.0.0
72 silly fetch manifest es-vary@^0.1.1
73 silly placeDep node_modules/json-server chalk@5.3.0 OK for: json-server@1.0.0-alpha.23 want: ^5.3.0
74 silly placeDep ROOT dot-prop@8.0.2 OK for: json-server@1.0.0-alpha.23 want: ^8.0.2
75 silly fetch manifest type-fest@^3.8.0
76 silly placeDep ROOT eta@3.2.0 OK for: json-server@1.0.0-alpha.23 want: ^3.2.0
77 silly placeDep ROOT inflection@3.0.0 OK for: json-server@1.0.0-alpha.23 want: ^3.0.0
78 silly placeDep node_modules/json-server json5@2.2.3 OK for: json-server@1.0.0-alpha.23 want: ^2.2.3
79 silly placeDep ROOT lowdb@7.0.1 OK for: json-server@1.0.0-alpha.23 want: ^7.0.1
80 silly fetch manifest steno@^4.0.2
81 silly placeDep ROOT milliparsec@2.3.0 OK for: json-server@1.0.0-alpha.23 want: ^2.3.0
82 silly placeDep ROOT sirv@2.0.4 OK for: json-server@1.0.0-alpha.23 want: ^2.0.4
83 silly fetch manifest @polka/url@^1.0.0-next.24
84 silly fetch manifest mrmime@^2.0.0
85 silly fetch manifest totalist@^3.0.0
86 silly placeDep ROOT sort-on@6.0.0 OK for: json-server@1.0.0-alpha.23 want: ^6.0.0
87 http fetch GET 200 https://registry.npmjs.org/type-fest 100ms (cache miss)
88 http fetch GET 200 https://registry.npmjs.org/mrmime 133ms (cache miss)
89 http fetch GET 200 https://registry.npmjs.org/totalist 145ms (cache miss)
90 http fetch GET 200 https://registry.npmjs.org/@polka%2furl 311ms (cache miss)
91 http fetch GET 200 https://registry.npmjs.org/es-vary 580ms (cache miss)
92 http fetch GET 200 https://registry.npmjs.org/steno 572ms (cache miss)
93 http fetch GET 200 https://registry.npmjs.org/header-range-parser 610ms (cache miss)
94 http fetch GET 200 https://registry.npmjs.org/regexparam 734ms (cache miss)
95 http fetch GET 200 https://registry.npmjs.org/@tinyhttp%2frouter 2016ms (cache miss)
96 http fetch GET 200 https://registry.npmjs.org/@tinyhttp%2freq 2021ms (cache miss)
97 http fetch GET 200 https://registry.npmjs.org/@tinyhttp%2fproxy-addr 2025ms (cache miss)
98 http fetch GET 200 https://registry.npmjs.org/@tinyhttp%2fcookie 2033ms (cache miss)
99 http fetch GET 200 https://registry.npmjs.org/@tinyhttp%2fres 2107ms (cache miss)
100 timing idealTree:node_modules/json-server Completed in 2121ms
101 silly placeDep ROOT @tinyhttp/cookie@2.1.0 OK for: @tinyhttp/app@2.2.3 want: 2.1.0
102 silly placeDep ROOT @tinyhttp/proxy-addr@2.1.3 OK for: @tinyhttp/app@2.2.3 want: 2.1.3
103 silly fetch manifest ipaddr.js@^2.1.0
104 silly fetch manifest @tinyhttp/forwarded@2.1.2
105 silly placeDep ROOT @tinyhttp/req@2.2.2 OK for: @tinyhttp/app@2.2.3 want: 2.2.2
106 silly fetch manifest header-range-parser@^1.1.3
107 silly fetch manifest @tinyhttp/accepts@2.2.1
108 silly fetch manifest @tinyhttp/url@2.1.1
109 silly fetch manifest @tinyhttp/type-is@2.2.2
110 silly placeDep ROOT @tinyhttp/res@2.2.2 OK for: @tinyhttp/app@2.2.3 want: 2.2.2
111 silly fetch manifest @tinyhttp/vary@^0.1.3
112 silly fetch manifest es-escape-html@^0.1.1
113 silly fetch manifest mime@4.0.1
114 silly fetch manifest @tinyhttp/send@2.2.1
115 silly fetch manifest @tinyhttp/cookie-signature@2.1.0
116 silly fetch manifest @tinyhttp/content-disposition@2.2.0
117 silly fetch manifest @tinyhttp/encode-url@2.1.1
118 silly placeDep ROOT @tinyhttp/router@2.2.2 OK for: @tinyhttp/app@2.2.3 want: 2.2.2
119 silly placeDep ROOT header-range-parser@1.1.3 OK for: @tinyhttp/app@2.2.3 want: 1.1.3
120 silly placeDep ROOT regexparam@2.0.2 OK for: @tinyhttp/app@2.2.3 want: ^2.0.1
121 http fetch GET 200 https://registry.npmjs.org/ipaddr.js 97ms (cache miss)
122 http fetch GET 200 https://registry.npmjs.org/mime 99ms (cache miss)
123 http fetch GET 200 https://registry.npmjs.org/es-escape-html 619ms (cache miss)
124 http fetch GET 200 https://registry.npmjs.org/@tinyhttp%2furl 954ms (cache miss)
125 http fetch GET 200 https://registry.npmjs.org/@tinyhttp%2fcookie-signature 1006ms (cache miss)
126 http fetch GET 200 https://registry.npmjs.org/@tinyhttp%2fsend 1007ms (cache miss)
127 http fetch GET 200 https://registry.npmjs.org/@tinyhttp%2faccepts 1336ms (cache miss)
128 http fetch GET 200 https://registry.npmjs.org/@tinyhttp%2fcontent-disposition 1337ms (cache miss)
129 http fetch GET 200 https://registry.npmjs.org/@tinyhttp%2ftype-is 1340ms (cache miss)
130 http fetch GET 200 https://registry.npmjs.org/@tinyhttp%2fencode-url 1363ms (cache miss)
131 http fetch GET 200 https://registry.npmjs.org/@tinyhttp%2fvary 1394ms (cache miss)
132 http fetch GET 200 https://registry.npmjs.org/@tinyhttp%2fforwarded 1581ms (cache miss)
133 timing idealTree:node_modules/@tinyhttp/app Completed in 1587ms
134 timing idealTree:node_modules/@tinyhttp/cookie Completed in 0ms
135 silly placeDep ROOT es-vary@0.1.2 OK for: @tinyhttp/cors@2.0.0 want: ^0.1.1
136 timing idealTree:node_modules/@tinyhttp/cors Completed in 2ms
137 silly placeDep ROOT @tinyhttp/forwarded@2.1.2 OK for: @tinyhttp/proxy-addr@2.1.3 want: 2.1.2
138 silly placeDep ROOT ipaddr.js@2.1.0 OK for: @tinyhttp/proxy-addr@2.1.3 want: ^2.1.0
139 timing idealTree:node_modules/@tinyhttp/proxy-addr Completed in 4ms
140 timing idealTree:node_modules/@tinyhttp/forwarded Completed in 0ms
141 silly placeDep ROOT @tinyhttp/accepts@2.2.1 OK for: @tinyhttp/req@2.2.2 want: 2.2.1
142 silly fetch manifest negotiator@^0.6.3
143 silly placeDep ROOT @tinyhttp/type-is@2.2.2 OK for: @tinyhttp/req@2.2.2 want: 2.2.2
144 silly fetch manifest @tinyhttp/content-type@^0.1.4
145 silly placeDep ROOT @tinyhttp/url@2.1.1 OK for: @tinyhttp/req@2.2.2 want: 2.1.1
146 http fetch GET 200 https://registry.npmjs.org/negotiator 66ms (cache miss)
147 http fetch GET 200 https://registry.npmjs.org/@tinyhttp%2fcontent-type 1359ms (cache miss)
148 timing idealTree:node_modules/@tinyhttp/req Completed in 1364ms
149 silly placeDep ROOT mime@4.0.1 OK for: @tinyhttp/accepts@2.2.1 want: 4.0.1
150 silly placeDep ROOT negotiator@0.6.3 OK for: @tinyhttp/accepts@2.2.1 want: ^0.6.3
151 timing idealTree:node_modules/@tinyhttp/accepts Completed in 8ms
152 silly placeDep ROOT @tinyhttp/content-disposition@2.2.0 OK for: @tinyhttp/res@2.2.2 want: 2.2.0
153 silly placeDep ROOT @tinyhttp/cookie-signature@2.1.0 OK for: @tinyhttp/res@2.2.2 want: 2.1.0
154 silly placeDep ROOT @tinyhttp/encode-url@2.1.1 OK for: @tinyhttp/res@2.2.2 want: 2.1.1
155 silly placeDep ROOT @tinyhttp/send@2.2.1 OK for: @tinyhttp/res@2.2.2 want: 2.2.1
156 silly fetch manifest @tinyhttp/etag@2.1.1
157 silly placeDep ROOT @tinyhttp/vary@0.1.3 OK for: @tinyhttp/res@2.2.2 want: ^0.1.3
158 silly placeDep ROOT es-escape-html@0.1.1 OK for: @tinyhttp/res@2.2.2 want: ^0.1.1
159 http fetch GET 200 https://registry.npmjs.org/@tinyhttp%2fetag 1382ms (cache miss)
160 timing idealTree:node_modules/@tinyhttp/res Completed in 1391ms
161 timing idealTree:node_modules/@tinyhttp/content-disposition Completed in 0ms
162 timing idealTree:node_modules/@tinyhttp/cookie-signature Completed in 1ms
163 timing idealTree:node_modules/@tinyhttp/encode-url Completed in 0ms
164 timing idealTree:node_modules/@tinyhttp/router Completed in 0ms
165 silly placeDep ROOT @tinyhttp/content-type@0.1.4 OK for: @tinyhttp/send@2.2.1 want: ^0.1.4
166 silly placeDep ROOT @tinyhttp/etag@2.1.1 OK for: @tinyhttp/send@2.2.1 want: 2.1.1
167 timing idealTree:node_modules/@tinyhttp/send Completed in 9ms
168 timing idealTree:node_modules/@tinyhttp/content-type Completed in 0ms
169 timing idealTree:node_modules/@tinyhttp/etag Completed in 0ms
170 timing idealTree:node_modules/@tinyhttp/type-is Completed in 0ms
171 timing idealTree:node_modules/@tinyhttp/url Completed in 0ms
172 timing idealTree:node_modules/@tinyhttp/vary Completed in 0ms
173 silly placeDep node_modules/dot-prop type-fest@3.13.1 OK for: dot-prop@8.0.2 want: ^3.8.0
174 timing idealTree:node_modules/dot-prop Completed in 1ms
175 timing idealTree:node_modules/es-escape-html Completed in 0ms
176 timing idealTree:node_modules/es-vary Completed in 0ms
177 timing idealTree:node_modules/eta Completed in 0ms
178 timing idealTree:node_modules/header-range-parser Completed in 0ms
179 timing idealTree:node_modules/inflection Completed in 0ms
180 timing idealTree:node_modules/ipaddr.js Completed in 0ms
181 silly placeDep ROOT steno@4.0.2 OK for: lowdb@7.0.1 want: ^4.0.2
182 timing idealTree:node_modules/lowdb Completed in 1ms
183 timing idealTree:node_modules/milliparsec Completed in 0ms
184 timing idealTree:node_modules/mime Completed in 0ms
185 timing idealTree:node_modules/negotiator Completed in 0ms
186 timing idealTree:node_modules/regexparam Completed in 0ms
187 silly placeDep ROOT @polka/url@1.0.0-next.24 OK for: sirv@2.0.4 want: ^1.0.0-next.24
188 silly placeDep ROOT mrmime@2.0.0 OK for: sirv@2.0.4 want: ^2.0.0
189 silly placeDep ROOT totalist@3.0.1 OK for: sirv@2.0.4 want: ^3.0.0
190 timing idealTree:node_modules/sirv Completed in 7ms
191 timing idealTree:node_modules/@polka/url Completed in 0ms
192 timing idealTree:node_modules/mrmime Completed in 0ms
193 timing idealTree:node_modules/sort-on Completed in 0ms
194 timing idealTree:node_modules/steno Completed in 0ms
195 timing idealTree:node_modules/totalist Completed in 0ms
196 timing idealTree:node_modules/dot-prop/node_modules/type-fest Completed in 0ms
197 timing idealTree:node_modules/json-server/node_modules/chalk Completed in 0ms
198 timing idealTree:node_modules/json-server/node_modules/json5 Completed in 0ms
199 timing idealTree:buildDeps Completed in 8340ms
200 timing idealTree:fixDepFlags Completed in 5ms
201 timing idealTree Completed in 8573ms
202 timing reify:loadTrees Completed in 8574ms
203 timing reify:diffTrees Completed in 268ms
204 silly reify moves {}
205 timing reify:retireShallow Completed in 2ms
206 timing reify:createSparse Completed in 17ms
207 timing reify:loadBundles Completed in 0ms
208 silly audit bulk request {
208 silly audit   '@aashutoshrathi/word-wrap': [ '1.2.6' ],
208 silly audit   '@alloc/quick-lru': [ '5.2.0' ],
208 silly audit   '@babel/runtime': [ '7.23.9' ],
208 silly audit   '@eslint-community/eslint-utils': [ '4.4.0' ],
208 silly audit   '@eslint-community/regexpp': [ '4.10.0' ],
208 silly audit   '@eslint/eslintrc': [ '2.1.4' ],
208 silly audit   '@eslint/js': [ '8.56.0' ],
208 silly audit   '@humanwhocodes/config-array': [ '0.11.14' ],
208 silly audit   '@humanwhocodes/module-importer': [ '1.0.1' ],
208 silly audit   '@humanwhocodes/object-schema': [ '2.0.2' ],
208 silly audit   '@isaacs/cliui': [ '8.0.2' ],
208 silly audit   'ansi-regex': [ '6.0.1', '5.0.1' ],
208 silly audit   'strip-ansi': [ '7.1.0', '6.0.1' ],
208 silly audit   '@jridgewell/gen-mapping': [ '0.3.3' ],
208 silly audit   '@jridgewell/resolve-uri': [ '3.1.1' ],
208 silly audit   '@jridgewell/set-array': [ '1.1.2' ],
208 silly audit   '@jridgewell/sourcemap-codec': [ '1.4.15' ],
208 silly audit   '@jridgewell/trace-mapping': [ '0.3.22' ],
208 silly audit   '@next/env': [ '14.1.0' ],
208 silly audit   '@next/eslint-plugin-next': [ '14.1.0' ],
208 silly audit   '@next/swc-darwin-arm64': [ '14.1.0' ],
208 silly audit   '@next/swc-darwin-x64': [ '14.1.0' ],
208 silly audit   '@next/swc-linux-arm64-gnu': [ '14.1.0' ],
208 silly audit   '@next/swc-linux-arm64-musl': [ '14.1.0' ],
208 silly audit   '@next/swc-linux-x64-gnu': [ '14.1.0' ],
208 silly audit   '@next/swc-linux-x64-musl': [ '14.1.0' ],
208 silly audit   '@next/swc-win32-arm64-msvc': [ '14.1.0' ],
208 silly audit   '@next/swc-win32-ia32-msvc': [ '14.1.0' ],
208 silly audit   '@next/swc-win32-x64-msvc': [ '14.1.0' ],
208 silly audit   '@nodelib/fs.scandir': [ '2.1.5' ],
208 silly audit   '@nodelib/fs.stat': [ '2.0.5' ],
208 silly audit   '@nodelib/fs.walk': [ '1.2.8' ],
208 silly audit   '@pkgjs/parseargs': [ '0.11.0' ],
208 silly audit   '@rushstack/eslint-patch': [ '1.7.2' ],
208 silly audit   '@swc/helpers': [ '0.5.2' ],
208 silly audit   '@types/json5': [ '0.0.29' ],
208 silly audit   '@types/node': [ '20.11.16' ],
208 silly audit   '@types/prop-types': [ '15.7.11' ],
208 silly audit   '@types/react': [ '18.2.52' ],
208 silly audit   '@types/react-dom': [ '18.2.18' ],
208 silly audit   '@types/scheduler': [ '0.16.8' ],
208 silly audit   '@typescript-eslint/parser': [ '6.20.0' ],
208 silly audit   '@typescript-eslint/scope-manager': [ '6.20.0' ],
208 silly audit   '@typescript-eslint/types': [ '6.20.0' ],
208 silly audit   '@typescript-eslint/typescript-estree': [ '6.20.0' ],
208 silly audit   'brace-expansion': [ '2.0.1', '1.1.11' ],
208 silly audit   minimatch: [ '9.0.3', '3.1.2' ],
208 silly audit   '@typescript-eslint/visitor-keys': [ '6.20.0' ],
208 silly audit   '@ungap/structured-clone': [ '1.2.0' ],
208 silly audit   acorn: [ '8.11.3' ],
208 silly audit   'acorn-jsx': [ '5.3.2' ],
208 silly audit   ajv: [ '6.12.6' ],
208 silly audit   'ansi-styles': [ '4.3.0', '6.2.1' ],
208 silly audit   'any-promise': [ '1.3.0' ],
208 silly audit   anymatch: [ '3.1.3' ],
208 silly audit   arg: [ '5.0.2' ],
208 silly audit   argparse: [ '2.0.1' ],
208 silly audit   'aria-query': [ '5.3.0' ],
208 silly audit   'array-buffer-byte-length': [ '1.0.0' ],
208 silly audit   'array-includes': [ '3.1.7' ],
208 silly audit   'array-union': [ '2.1.0' ],
208 silly audit   'array.prototype.findlastindex': [ '1.2.3' ],
208 silly audit   'array.prototype.flat': [ '1.3.2' ],
208 silly audit   'array.prototype.flatmap': [ '1.3.2' ],
208 silly audit   'array.prototype.tosorted': [ '1.1.2' ],
208 silly audit   'arraybuffer.prototype.slice': [ '1.0.2' ],
208 silly audit   'ast-types-flow': [ '0.0.8' ],
208 silly audit   'asynciterator.prototype': [ '1.0.0' ],
208 silly audit   autoprefixer: [ '10.4.17' ],
208 silly audit   'available-typed-arrays': [ '1.0.6' ],
208 silly audit   'axe-core': [ '4.7.0' ],
208 silly audit   'axobject-query': [ '3.2.1' ],
208 silly audit   'balanced-match': [ '1.0.2' ],
208 silly audit   'binary-extensions': [ '2.2.0' ],
208 silly audit   braces: [ '3.0.2' ],
208 silly audit   browserslist: [ '4.22.3' ],
208 silly audit   busboy: [ '1.6.0' ],
208 silly audit   'call-bind': [ '1.0.5' ],
208 silly audit   callsites: [ '3.1.0' ],
208 silly audit   'camelcase-css': [ '2.0.1' ],
208 silly audit   'caniuse-lite': [ '1.0.30001583' ],
208 silly audit   chalk: [ '4.1.2', '5.3.0' ],
208 silly audit   chokidar: [ '3.5.3' ],
208 silly audit   'glob-parent': [ '5.1.2', '6.0.2' ],
208 silly audit   'client-only': [ '0.0.1' ],
208 silly audit   'color-convert': [ '2.0.1' ],
208 silly audit   'color-name': [ '1.1.4' ],
208 silly audit   commander: [ '4.1.1' ],
208 silly audit   'concat-map': [ '0.0.1' ],
208 silly audit   'cross-spawn': [ '7.0.3' ],
208 silly audit   cssesc: [ '3.0.0' ],
208 silly audit   csstype: [ '3.1.3' ],
208 silly audit   'damerau-levenshtein': [ '1.0.8' ],
208 silly audit   debug: [ '4.3.4', '3.2.7' ],
208 silly audit   'deep-is': [ '0.1.4' ],
208 silly audit   'define-data-property': [ '1.1.1' ],
208 silly audit   'define-properties': [ '1.2.1' ],
208 silly audit   dequal: [ '2.0.3' ],
208 silly audit   didyoumean: [ '1.2.2' ],
208 silly audit   'dir-glob': [ '3.0.1' ],
208 silly audit   dlv: [ '1.1.3' ],
208 silly audit   doctrine: [ '3.0.0', '2.1.0' ],
208 silly audit   eastasianwidth: [ '0.2.0' ],
208 silly audit   'electron-to-chromium': [ '1.4.656' ],
208 silly audit   'emoji-regex': [ '9.2.2', '8.0.0' ],
208 silly audit   'enhanced-resolve': [ '5.15.0' ],
208 silly audit   'es-abstract': [ '1.22.3' ],
208 silly audit   'es-iterator-helpers': [ '1.0.15' ],
208 silly audit   'es-set-tostringtag': [ '2.0.2' ],
208 silly audit   'es-shim-unscopables': [ '1.0.2' ],
208 silly audit   'es-to-primitive': [ '1.2.1' ],
208 silly audit   escalade: [ '3.1.1' ],
208 silly audit   'escape-string-regexp': [ '4.0.0' ],
208 silly audit   eslint: [ '8.56.0' ],
208 silly audit   'eslint-config-next': [ '14.1.0' ],
208 silly audit   'eslint-import-resolver-node': [ '0.3.9' ],
208 silly audit   'eslint-import-resolver-typescript': [ '3.6.1' ],
208 silly audit   'eslint-module-utils': [ '2.8.0' ],
208 silly audit   'eslint-plugin-import': [ '2.29.1' ],
208 silly audit   semver: [ '6.3.1', '7.5.4' ],
208 silly audit   'eslint-plugin-jsx-a11y': [ '6.8.0' ],
208 silly audit   'eslint-plugin-react': [ '7.33.2' ],
208 silly audit   'eslint-plugin-react-hooks': [ '4.6.0' ],
208 silly audit   resolve: [ '2.0.0-next.5', '1.22.8' ],
208 silly audit   'eslint-scope': [ '7.2.2' ],
208 silly audit   'eslint-visitor-keys': [ '3.4.3' ],
208 silly audit   espree: [ '9.6.1' ],
208 silly audit   esquery: [ '1.5.0' ],
208 silly audit   esrecurse: [ '4.3.0' ],
208 silly audit   estraverse: [ '5.3.0' ],
208 silly audit   esutils: [ '2.0.3' ],
208 silly audit   'fast-deep-equal': [ '3.1.3' ],
208 silly audit   'fast-glob': [ '3.3.2' ],
208 silly audit   'fast-json-stable-stringify': [ '2.1.0' ],
208 silly audit   'fast-levenshtein': [ '2.0.6' ],
208 silly audit   fastq: [ '1.17.0' ],
208 silly audit   'file-entry-cache': [ '6.0.1' ],
208 silly audit   'fill-range': [ '7.0.1' ],
208 silly audit   'find-up': [ '5.0.0' ],
208 silly audit   'flat-cache': [ '3.2.0' ],
208 silly audit   flatted: [ '3.2.9' ],
208 silly audit   'for-each': [ '0.3.3' ],
208 silly audit   'foreground-child': [ '3.1.1' ],
208 silly audit   'fraction.js': [ '4.3.7' ],
208 silly audit   'fs.realpath': [ '1.0.0' ],
208 silly audit   fsevents: [ '2.3.3' ],
208 silly audit   'function-bind': [ '1.1.2' ],
208 silly audit   'function.prototype.name': [ '1.1.6' ],
208 silly audit   'functions-have-names': [ '1.2.3' ],
208 silly audit   'get-intrinsic': [ '1.2.2' ],
208 silly audit   'get-symbol-description': [ '1.0.0' ],
208 silly audit   'get-tsconfig': [ '4.7.2' ],
208 silly audit   glob: [ '10.3.10', '7.2.3' ],
208 silly audit   globals: [ '13.24.0' ],
208 silly audit   globalthis: [ '1.0.3' ],
208 silly audit   globby: [ '11.1.0' ],
208 silly audit   gopd: [ '1.0.1' ],
208 silly audit   'graceful-fs': [ '4.2.11' ],
208 silly audit   graphemer: [ '1.4.0' ],
208 silly audit   'has-bigints': [ '1.0.2' ],
208 silly audit   'has-flag': [ '4.0.0' ],
208 silly audit   'has-property-descriptors': [ '1.0.1' ],
208 silly audit   'has-proto': [ '1.0.1' ],
208 silly audit   'has-symbols': [ '1.0.3' ],
208 silly audit   'has-tostringtag': [ '1.0.2' ],
208 silly audit   hasown: [ '2.0.0' ],
208 silly audit   ignore: [ '5.3.1' ],
208 silly audit   'import-fresh': [ '3.3.0' ],
208 silly audit   imurmurhash: [ '0.1.4' ],
208 silly audit   inflight: [ '1.0.6' ],
208 silly audit   inherits: [ '2.0.4' ],
208 silly audit   'internal-slot': [ '1.0.6' ],
208 silly audit   'is-array-buffer': [ '3.0.2' ],
208 silly audit   'is-async-function': [ '2.0.0' ],
208 silly audit   'is-bigint': [ '1.0.4' ],
208 silly audit   'is-binary-path': [ '2.1.0' ],
208 silly audit   'is-boolean-object': [ '1.1.2' ],
208 silly audit   'is-callable': [ '1.2.7' ],
208 silly audit   'is-core-module': [ '2.13.1' ],
208 silly audit   'is-date-object': [ '1.0.5' ],
208 silly audit   'is-extglob': [ '2.1.1' ],
208 silly audit   'is-finalizationregistry': [ '1.0.2' ],
208 silly audit   'is-fullwidth-code-point': [ '3.0.0' ],
208 silly audit   'is-generator-function': [ '1.0.10' ],
208 silly audit   'is-glob': [ '4.0.3' ],
208 silly audit   'is-map': [ '2.0.2' ],
208 silly audit   'is-negative-zero': [ '2.0.2' ],
208 silly audit   'is-number': [ '7.0.0' ],
208 silly audit   'is-number-object': [ '1.0.7' ],
208 silly audit   'is-path-inside': [ '3.0.3' ],
208 silly audit   'is-regex': [ '1.1.4' ],
208 silly audit   'is-set': [ '2.0.2' ],
208 silly audit   'is-shared-array-buffer': [ '1.0.2' ],
208 silly audit   'is-string': [ '1.0.7' ],
208 silly audit   'is-symbol': [ '1.0.4' ],
208 silly audit   'is-typed-array': [ '1.1.13' ],
208 silly audit   'is-weakmap': [ '2.0.1' ],
208 silly audit   'is-weakref': [ '1.0.2' ],
208 silly audit   'is-weakset': [ '2.0.2' ],
208 silly audit   isarray: [ '2.0.5' ],
208 silly audit   isexe: [ '2.0.0' ],
208 silly audit   'iterator.prototype': [ '1.1.2' ],
208 silly audit   jackspeak: [ '2.3.6' ],
208 silly audit   jiti: [ '1.21.0' ],
208 silly audit   'js-tokens': [ '4.0.0' ],
208 silly audit   'js-yaml': [ '4.1.0' ],
208 silly audit   'json-buffer': [ '3.0.1' ],
208 silly audit   'json-schema-traverse': [ '0.4.1' ],
208 silly audit   'json-stable-stringify-without-jsonify': [ '1.0.1' ],
208 silly audit   json5: [ '1.0.2', '2.2.3' ],
208 silly audit   'jsx-ast-utils': [ '3.3.5' ],
208 silly audit   keyv: [ '4.5.4' ],
208 silly audit   'language-subtag-registry': [ '0.3.22' ],
208 silly audit   'language-tags': [ '1.0.9' ],
208 silly audit   levn: [ '0.4.1' ],
208 silly audit   lilconfig: [ '2.1.0', '3.0.0' ],
208 silly audit   'lines-and-columns': [ '1.2.4' ],
208 silly audit   'locate-path': [ '6.0.0' ],
208 silly audit   'lodash.merge': [ '4.6.2' ],
208 silly audit   'loose-envify': [ '1.4.0' ],
208 silly audit   'lru-cache': [ '10.2.0', '6.0.0' ],
208 silly audit   merge2: [ '1.4.1' ],
208 silly audit   micromatch: [ '4.0.5' ],
208 silly audit   minimist: [ '1.2.8' ],
208 silly audit   minipass: [ '7.0.4' ],
208 silly audit   ms: [ '2.1.2' ],
208 silly audit   mz: [ '2.7.0' ],
208 silly audit   nanoid: [ '3.3.7' ],
208 silly audit   'natural-compare': [ '1.4.0' ],
208 silly audit   next: [ '14.1.0' ],
208 silly audit   postcss: [ '8.4.31', '8.4.33' ],
208 silly audit   'node-releases': [ '2.0.14' ],
208 silly audit   'normalize-path': [ '3.0.0' ],
208 silly audit   'normalize-range': [ '0.1.2' ],
208 silly audit   'object-assign': [ '4.1.1' ],
208 silly audit   'object-hash': [ '3.0.0' ],
208 silly audit   'object-inspect': [ '1.13.1' ],
208 silly audit   'object-keys': [ '1.1.1' ],
208 silly audit   'object.assign': [ '4.1.5' ],
208 silly audit   'object.entries': [ '1.1.7' ],
208 silly audit   'object.fromentries': [ '2.0.7' ],
208 silly audit   'object.groupby': [ '1.0.1' ],
208 silly audit   'object.hasown': [ '1.1.3' ],
208 silly audit   'object.values': [ '1.1.7' ],
208 silly audit   once: [ '1.4.0' ],
208 silly audit   optionator: [ '0.9.3' ],
208 silly audit   'p-limit': [ '3.1.0' ],
208 silly audit   'p-locate': [ '5.0.0' ],
208 silly audit   'parent-module': [ '1.0.1' ],
208 silly audit   'path-exists': [ '4.0.0' ],
208 silly audit   'path-is-absolute': [ '1.0.1' ],
208 silly audit   'path-key': [ '3.1.1' ],
208 silly audit   'path-parse': [ '1.0.7' ],
208 silly audit   'path-scurry': [ '1.10.1' ],
208 silly audit   'path-type': [ '4.0.0' ],
208 silly audit   picocolors: [ '1.0.0' ],
208 silly audit   picomatch: [ '2.3.1' ],
208 silly audit   pify: [ '2.3.0' ],
208 silly audit   pirates: [ '4.0.6' ],
208 silly audit   'postcss-import': [ '15.1.0' ],
208 silly audit   'postcss-js': [ '4.0.1' ],
208 silly audit   'postcss-load-config': [ '4.0.2' ],
208 silly audit   'postcss-nested': [ '6.0.1' ],
208 silly audit   'postcss-selector-parser': [ '6.0.15' ],
208 silly audit   'postcss-value-parser': [ '4.2.0' ],
208 silly audit   'prelude-ls': [ '1.2.1' ],
208 silly audit   'prop-types': [ '15.8.1' ],
208 silly audit   punycode: [ '2.3.1' ],
208 silly audit   'queue-microtask': [ '1.2.3' ],
208 silly audit   react: [ '18.2.0' ],
208 silly audit   'react-dom': [ '18.2.0' ],
208 silly audit   'react-is': [ '16.13.1' ],
208 silly audit   'read-cache': [ '1.0.0' ],
208 silly audit   readdirp: [ '3.6.0' ],
208 silly audit   'reflect.getprototypeof': [ '1.0.4' ],
208 silly audit   'regenerator-runtime': [ '0.14.1' ],
208 silly audit   'regexp.prototype.flags': [ '1.5.1' ],
208 silly audit   'resolve-from': [ '4.0.0' ],
208 silly audit   'resolve-pkg-maps': [ '1.0.0' ],
208 silly audit   reusify: [ '1.0.4' ],
208 silly audit   rimraf: [ '3.0.2' ],
208 silly audit   'run-parallel': [ '1.2.0' ],
208 silly audit   'safe-array-concat': [ '1.1.0' ],
208 silly audit   'safe-regex-test': [ '1.0.2' ],
208 silly audit   scheduler: [ '0.23.0' ],
208 silly audit   'set-function-length': [ '1.2.0' ],
208 silly audit   'set-function-name': [ '2.0.1' ],
208 silly audit   'shebang-command': [ '2.0.0' ],
208 silly audit   'shebang-regex': [ '3.0.0' ],
208 silly audit   'side-channel': [ '1.0.4' ],
208 silly audit   'signal-exit': [ '4.1.0' ],
208 silly audit   slash: [ '3.0.0' ],
208 silly audit   'source-map-js': [ '1.0.2' ],
208 silly audit   streamsearch: [ '1.1.0' ],
208 silly audit   'string-width': [ '5.1.2', '4.2.3' ],
208 silly audit   'string.prototype.matchall': [ '4.0.10' ],
208 silly audit   'string.prototype.trim': [ '1.2.8' ],
208 silly audit   'string.prototype.trimend': [ '1.0.7' ],
208 silly audit   'string.prototype.trimstart': [ '1.0.7' ],
208 silly audit   'strip-bom': [ '3.0.0' ],
208 silly audit   'strip-json-comments': [ '3.1.1' ],
208 silly audit   'styled-jsx': [ '5.1.1' ],
208 silly audit   sucrase: [ '3.35.0' ],
208 silly audit   'supports-color': [ '7.2.0' ],
208 silly audit   'supports-preserve-symlinks-flag': [ '1.0.0' ],
208 silly audit   tailwindcss: [ '3.4.1' ],
208 silly audit   tapable: [ '2.2.1' ],
208 silly audit   'text-table': [ '0.2.0' ],
208 silly audit   thenify: [ '3.3.1' ],
208 silly audit   'thenify-all': [ '1.6.0' ],
208 silly audit   'to-regex-range': [ '5.0.1' ],
208 silly audit   'ts-api-utils': [ '1.0.3' ],
208 silly audit   'ts-interface-checker': [ '0.1.13' ],
208 silly audit   'tsconfig-paths': [ '3.15.0' ],
208 silly audit   tslib: [ '2.6.2' ],
208 silly audit   'type-check': [ '0.4.0' ],
208 silly audit   'type-fest': [ '0.20.2', '3.13.1' ],
208 silly audit   'typed-array-buffer': [ '1.0.0' ],
208 silly audit   'typed-array-byte-length': [ '1.0.0' ],
208 silly audit   'typed-array-byte-offset': [ '1.0.0' ],
208 silly audit   'typed-array-length': [ '1.0.4' ],
208 silly audit   typescript: [ '5.3.3' ],
208 silly audit   'unbox-primitive': [ '1.0.2' ],
208 silly audit   'undici-types': [ '5.26.5' ],
208 silly audit   'update-browserslist-db': [ '1.0.13' ],
208 silly audit   'uri-js': [ '4.4.1' ],
208 silly audit   'util-deprecate': [ '1.0.2' ],
208 silly audit   which: [ '2.0.2' ],
208 silly audit   'which-boxed-primitive': [ '1.0.2' ],
208 silly audit   'which-builtin-type': [ '1.1.3' ],
208 silly audit   'which-collection': [ '1.0.1' ],
208 silly audit   'which-typed-array': [ '1.1.14' ],
208 silly audit   'wrap-ansi': [ '8.1.0', '7.0.0' ],
208 silly audit   wrappy: [ '1.0.2' ],
208 silly audit   yallist: [ '4.0.0' ],
208 silly audit   yaml: [ '2.3.4' ],
208 silly audit   'yocto-queue': [ '0.1.0' ],
208 silly audit   'json-server': [ '1.0.0-alpha.23' ],
208 silly audit   '@tinyhttp/app': [ '2.2.3' ],
208 silly audit   '@tinyhttp/cors': [ '2.0.0' ],
208 silly audit   'dot-prop': [ '8.0.2' ],
208 silly audit   eta: [ '3.2.0' ],
208 silly audit   inflection: [ '3.0.0' ],
208 silly audit   lowdb: [ '7.0.1' ],
208 silly audit   milliparsec: [ '2.3.0' ],
208 silly audit   sirv: [ '2.0.4' ],
208 silly audit   'sort-on': [ '6.0.0' ],
208 silly audit   '@tinyhttp/cookie': [ '2.1.0' ],
208 silly audit   '@tinyhttp/proxy-addr': [ '2.1.3' ],
208 silly audit   '@tinyhttp/req': [ '2.2.2' ],
208 silly audit   '@tinyhttp/res': [ '2.2.2' ],
208 silly audit   '@tinyhttp/router': [ '2.2.2' ],
208 silly audit   'header-range-parser': [ '1.1.3' ],
208 silly audit   regexparam: [ '2.0.2' ],
208 silly audit   'es-vary': [ '0.1.2' ],
208 silly audit   '@tinyhttp/forwarded': [ '2.1.2' ],
208 silly audit   'ipaddr.js': [ '2.1.0' ],
208 silly audit   '@tinyhttp/accepts': [ '2.2.1' ],
208 silly audit   '@tinyhttp/type-is': [ '2.2.2' ],
208 silly audit   '@tinyhttp/url': [ '2.1.1' ],
208 silly audit   mime: [ '4.0.1' ],
208 silly audit   negotiator: [ '0.6.3' ],
208 silly audit   '@tinyhttp/content-disposition': [ '2.2.0' ],
208 silly audit   '@tinyhttp/cookie-signature': [ '2.1.0' ],
208 silly audit   '@tinyhttp/encode-url': [ '2.1.1' ],
208 silly audit   '@tinyhttp/send': [ '2.2.1' ],
208 silly audit   '@tinyhttp/vary': [ '0.1.3' ],
208 silly audit   'es-escape-html': [ '0.1.1' ],
208 silly audit   '@tinyhttp/content-type': [ '0.1.4' ],
208 silly audit   '@tinyhttp/etag': [ '2.1.1' ],
208 silly audit   steno: [ '4.0.2' ],
208 silly audit   '@polka/url': [ '1.0.0-next.24' ],
208 silly audit   mrmime: [ '2.0.0' ],
208 silly audit   totalist: [ '3.0.1' ]
208 silly audit }
209 verbose reify failed optional dependency C:\NextProjects\todo-app-next.js\node_modules\fsevents
210 silly reify mark deleted [ 'C:\\NextProjects\\todo-app-next.js\\node_modules\\fsevents' ]
211 verbose reify failed optional dependency C:\NextProjects\todo-app-next.js\node_modules\@next\swc-win32-ia32-msvc
212 silly reify mark deleted [
212 silly reify   'C:\\NextProjects\\todo-app-next.js\\node_modules\\@next\\swc-win32-ia32-msvc'
212 silly reify ]
213 verbose reify failed optional dependency C:\NextProjects\todo-app-next.js\node_modules\@next\swc-win32-arm64-msvc
214 silly reify mark deleted [
214 silly reify   'C:\\NextProjects\\todo-app-next.js\\node_modules\\@next\\swc-win32-arm64-msvc'
214 silly reify ]
215 verbose reify failed optional dependency C:\NextProjects\todo-app-next.js\node_modules\@next\swc-linux-x64-musl
216 silly reify mark deleted [
216 silly reify   'C:\\NextProjects\\todo-app-next.js\\node_modules\\@next\\swc-linux-x64-musl'
216 silly reify ]
217 verbose reify failed optional dependency C:\NextProjects\todo-app-next.js\node_modules\@next\swc-linux-x64-gnu
218 silly reify mark deleted [
218 silly reify   'C:\\NextProjects\\todo-app-next.js\\node_modules\\@next\\swc-linux-x64-gnu'
218 silly reify ]
219 verbose reify failed optional dependency C:\NextProjects\todo-app-next.js\node_modules\@next\swc-linux-arm64-musl
220 silly reify mark deleted [
220 silly reify   'C:\\NextProjects\\todo-app-next.js\\node_modules\\@next\\swc-linux-arm64-musl'
220 silly reify ]
221 verbose reify failed optional dependency C:\NextProjects\todo-app-next.js\node_modules\@next\swc-linux-arm64-gnu
222 silly reify mark deleted [
222 silly reify   'C:\\NextProjects\\todo-app-next.js\\node_modules\\@next\\swc-linux-arm64-gnu'
222 silly reify ]
223 verbose reify failed optional dependency C:\NextProjects\todo-app-next.js\node_modules\@next\swc-darwin-x64
224 silly reify mark deleted [
224 silly reify   'C:\\NextProjects\\todo-app-next.js\\node_modules\\@next\\swc-darwin-x64'
224 silly reify ]
225 verbose reify failed optional dependency C:\NextProjects\todo-app-next.js\node_modules\@next\swc-darwin-arm64
226 silly reify mark deleted [
226 silly reify   'C:\\NextProjects\\todo-app-next.js\\node_modules\\@next\\swc-darwin-arm64'
226 silly reify ]
227 timing reifyNode:node_modules/fsevents Completed in 20ms
228 timing reifyNode:node_modules/@next/swc-win32-ia32-msvc Completed in 20ms
229 timing reifyNode:node_modules/@next/swc-win32-arm64-msvc Completed in 19ms
230 timing reifyNode:node_modules/@next/swc-linux-x64-musl Completed in 20ms
231 timing reifyNode:node_modules/@next/swc-linux-x64-gnu Completed in 20ms
232 timing reifyNode:node_modules/@next/swc-linux-arm64-musl Completed in 20ms
233 timing reifyNode:node_modules/@next/swc-linux-arm64-gnu Completed in 20ms
234 timing reifyNode:node_modules/@next/swc-darwin-x64 Completed in 20ms
235 timing reifyNode:node_modules/@next/swc-darwin-arm64 Completed in 20ms
236 silly tarball no local data for mrmime@https://registry.npmjs.org/mrmime/-/mrmime-2.0.0.tgz. Extracting by manifest.
237 silly tarball no local data for totalist@https://registry.npmjs.org/totalist/-/totalist-3.0.1.tgz. Extracting by manifest.
238 silly tarball no local data for steno@https://registry.npmjs.org/steno/-/steno-4.0.2.tgz. Extracting by manifest.
239 silly tarball no local data for @polka/url@https://registry.npmjs.org/@polka/url/-/url-1.0.0-next.24.tgz. Extracting by manifest.
240 silly tarball no local data for @tinyhttp/etag@https://registry.npmjs.org/@tinyhttp/etag/-/etag-2.1.1.tgz. Extracting by manifest.
241 silly tarball no local data for @tinyhttp/content-type@https://registry.npmjs.org/@tinyhttp/content-type/-/content-type-0.1.4.tgz. Extracting by manifest.
242 silly tarball no local data for @tinyhttp/encode-url@https://registry.npmjs.org/@tinyhttp/encode-url/-/encode-url-2.1.1.tgz. Extracting by manifest.
243 silly tarball no local data for es-escape-html@https://registry.npmjs.org/es-escape-html/-/es-escape-html-0.1.1.tgz. Extracting by manifest.
244 silly tarball no local data for @tinyhttp/vary@https://registry.npmjs.org/@tinyhttp/vary/-/vary-0.1.3.tgz. Extracting by manifest.
245 silly tarball no local data for @tinyhttp/send@https://registry.npmjs.org/@tinyhttp/send/-/send-2.2.1.tgz. Extracting by manifest.
246 silly tarball no local data for @tinyhttp/cookie-signature@https://registry.npmjs.org/@tinyhttp/cookie-signature/-/cookie-signature-2.1.0.tgz. Extracting by manifest.
247 silly tarball no local data for @tinyhttp/content-disposition@https://registry.npmjs.org/@tinyhttp/content-disposition/-/content-disposition-2.2.0.tgz. Extracting by manifest.
248 silly tarball no local data for negotiator@https://registry.npmjs.org/negotiator/-/negotiator-0.6.3.tgz. Extracting by manifest.
249 silly tarball no local data for @tinyhttp/url@https://registry.npmjs.org/@tinyhttp/url/-/url-2.1.1.tgz. Extracting by manifest.
250 silly tarball no local data for @tinyhttp/accepts@https://registry.npmjs.org/@tinyhttp/accepts/-/accepts-2.2.1.tgz. Extracting by manifest.
251 silly tarball no local data for ipaddr.js@https://registry.npmjs.org/ipaddr.js/-/ipaddr.js-2.1.0.tgz. Extracting by manifest.
252 silly tarball no local data for @tinyhttp/type-is@https://registry.npmjs.org/@tinyhttp/type-is/-/type-is-2.2.2.tgz. Extracting by manifest.
253 silly tarball no local data for mime@https://registry.npmjs.org/mime/-/mime-4.0.1.tgz. Extracting by manifest.
254 silly tarball no local data for @tinyhttp/forwarded@https://registry.npmjs.org/@tinyhttp/forwarded/-/forwarded-2.1.2.tgz. Extracting by manifest.
255 silly tarball no local data for regexparam@https://registry.npmjs.org/regexparam/-/regexparam-2.0.2.tgz. Extracting by manifest.
256 silly tarball no local data for header-range-parser@https://registry.npmjs.org/header-range-parser/-/header-range-parser-1.1.3.tgz. Extracting by manifest.
257 silly tarball no local data for es-vary@https://registry.npmjs.org/es-vary/-/es-vary-0.1.2.tgz. Extracting by manifest.
258 silly tarball no local data for @tinyhttp/router@https://registry.npmjs.org/@tinyhttp/router/-/router-2.2.2.tgz. Extracting by manifest.
259 silly tarball no local data for @tinyhttp/res@https://registry.npmjs.org/@tinyhttp/res/-/res-2.2.2.tgz. Extracting by manifest.
260 silly tarball no local data for @tinyhttp/proxy-addr@https://registry.npmjs.org/@tinyhttp/proxy-addr/-/proxy-addr-2.1.3.tgz. Extracting by manifest.
261 silly tarball no local data for @tinyhttp/req@https://registry.npmjs.org/@tinyhttp/req/-/req-2.2.2.tgz. Extracting by manifest.
262 silly tarball no local data for @tinyhttp/cookie@https://registry.npmjs.org/@tinyhttp/cookie/-/cookie-2.1.0.tgz. Extracting by manifest.
263 silly tarball no local data for sort-on@https://registry.npmjs.org/sort-on/-/sort-on-6.0.0.tgz. Extracting by manifest.
264 silly tarball no local data for milliparsec@https://registry.npmjs.org/milliparsec/-/milliparsec-2.3.0.tgz. Extracting by manifest.
265 silly tarball no local data for sirv@https://registry.npmjs.org/sirv/-/sirv-2.0.4.tgz. Extracting by manifest.
266 silly tarball no local data for lowdb@https://registry.npmjs.org/lowdb/-/lowdb-7.0.1.tgz. Extracting by manifest.
267 silly tarball no local data for inflection@https://registry.npmjs.org/inflection/-/inflection-3.0.0.tgz. Extracting by manifest.
268 silly tarball no local data for @tinyhttp/cors@https://registry.npmjs.org/@tinyhttp/cors/-/cors-2.0.0.tgz. Extracting by manifest.
269 silly tarball no local data for eta@https://registry.npmjs.org/eta/-/eta-3.2.0.tgz. Extracting by manifest.
270 silly tarball no local data for dot-prop@https://registry.npmjs.org/dot-prop/-/dot-prop-8.0.2.tgz. Extracting by manifest.
271 silly tarball no local data for @tinyhttp/app@https://registry.npmjs.org/@tinyhttp/app/-/app-2.2.3.tgz. Extracting by manifest.
272 silly tarball no local data for json-server@https://registry.npmjs.org/json-server/-/json-server-1.0.0-alpha.23.tgz. Extracting by manifest.
273 silly tarball no local data for type-fest@https://registry.npmjs.org/type-fest/-/type-fest-3.13.1.tgz. Extracting by manifest.
274 silly tarball no local data for chalk@https://registry.npmjs.org/chalk/-/chalk-5.3.0.tgz. Extracting by manifest.
275 silly tarball no local data for json5@https://registry.npmjs.org/json5/-/json5-2.2.3.tgz. Extracting by manifest.
276 http fetch POST 200 https://registry.npmjs.org/-/npm/v1/security/advisories/bulk 407ms
277 timing auditReport:getReport Completed in 422ms
278 silly audit report {}
279 timing auditReport:init Completed in 0ms
280 timing reify:audit Completed in 423ms
281 http fetch GET 200 https://registry.npmjs.org/es-escape-html/-/es-escape-html-0.1.1.tgz 529ms (cache miss)
282 http fetch GET 200 https://registry.npmjs.org/mrmime/-/mrmime-2.0.0.tgz 539ms (cache miss)
283 http fetch GET 200 https://registry.npmjs.org/totalist/-/totalist-3.0.1.tgz 618ms (cache miss)
284 http fetch GET 200 https://registry.npmjs.org/steno/-/steno-4.0.2.tgz 625ms (cache miss)
285 http fetch GET 200 https://registry.npmjs.org/@tinyhttp/encode-url/-/encode-url-2.1.1.tgz 638ms (cache miss)
286 timing reifyNode:node_modules/steno Completed in 707ms
287 http fetch GET 200 https://registry.npmjs.org/es-vary/-/es-vary-0.1.2.tgz 643ms (cache miss)
288 http fetch GET 200 https://registry.npmjs.org/sort-on/-/sort-on-6.0.0.tgz 638ms (cache miss)
289 http fetch GET 200 https://registry.npmjs.org/dot-prop/-/dot-prop-8.0.2.tgz 634ms (cache miss)
290 http fetch GET 200 https://registry.npmjs.org/milliparsec/-/milliparsec-2.3.0.tgz 638ms (cache miss)
291 timing reifyNode:node_modules/sort-on Completed in 713ms
292 timing reifyNode:node_modules/es-escape-html Completed in 720ms
293 timing reifyNode:node_modules/es-vary Completed in 718ms
294 timing reifyNode:node_modules/milliparsec Completed in 718ms
295 timing reifyNode:node_modules/dot-prop Completed in 717ms
296 timing reifyNode:node_modules/mrmime Completed in 744ms
297 http fetch GET 200 https://registry.npmjs.org/@tinyhttp/etag/-/etag-2.1.1.tgz 702ms (cache miss)
298 timing reifyNode:node_modules/@tinyhttp/encode-url Completed in 772ms
299 http fetch GET 200 https://registry.npmjs.org/sirv/-/sirv-2.0.4.tgz 715ms (cache miss)
300 timing reifyNode:node_modules/sirv Completed in 781ms
301 http fetch GET 200 https://registry.npmjs.org/regexparam/-/regexparam-2.0.2.tgz 730ms (cache miss)
302 timing reifyNode:node_modules/regexparam Completed in 790ms
303 timing reifyNode:node_modules/totalist Completed in 798ms
304 http fetch GET 200 https://registry.npmjs.org/negotiator/-/negotiator-0.6.3.tgz 747ms (cache miss)
305 timing reifyNode:node_modules/@tinyhttp/etag Completed in 809ms
306 timing reifyNode:node_modules/negotiator Completed in 811ms
307 http fetch GET 200 https://registry.npmjs.org/header-range-parser/-/header-range-parser-1.1.3.tgz 756ms (cache miss)
308 timing reifyNode:node_modules/header-range-parser Completed in 825ms
309 http fetch GET 200 https://registry.npmjs.org/ipaddr.js/-/ipaddr.js-2.1.0.tgz 782ms (cache miss)
310 timing reifyNode:node_modules/ipaddr.js Completed in 839ms
311 http fetch GET 200 https://registry.npmjs.org/json-server/-/json-server-1.0.0-alpha.23.tgz 907ms (cache miss)
312 timing reifyNode:node_modules/json-server Completed in 982ms
313 http fetch GET 200 https://registry.npmjs.org/@tinyhttp/req/-/req-2.2.2.tgz 945ms (cache miss)
314 timing reifyNode:node_modules/@tinyhttp/req Completed in 1018ms
315 http fetch GET 200 https://registry.npmjs.org/chalk/-/chalk-5.3.0.tgz 947ms (cache miss)
316 timing reifyNode:node_modules/json-server/node_modules/chalk Completed in 1017ms
317 http fetch GET 200 https://registry.npmjs.org/@tinyhttp/content-type/-/content-type-0.1.4.tgz 983ms (cache miss)
318 http fetch GET 200 https://registry.npmjs.org/@tinyhttp/type-is/-/type-is-2.2.2.tgz 979ms (cache miss)
319 http fetch GET 200 https://registry.npmjs.org/@tinyhttp/cookie-signature/-/cookie-signature-2.1.0.tgz 983ms (cache miss)
320 http fetch GET 200 https://registry.npmjs.org/@polka/url/-/url-1.0.0-next.24.tgz 990ms (cache miss)
321 timing reifyNode:node_modules/@tinyhttp/type-is Completed in 1051ms
322 http fetch GET 200 https://registry.npmjs.org/inflection/-/inflection-3.0.0.tgz 985ms (cache miss)
323 timing reifyNode:node_modules/inflection Completed in 1051ms
324 timing reifyNode:node_modules/@polka/url Completed in 1059ms
325 timing reifyNode:node_modules/@tinyhttp/content-type Completed in 1058ms
326 http fetch GET 200 https://registry.npmjs.org/@tinyhttp/content-disposition/-/content-disposition-2.2.0.tgz 999ms (cache miss)
327 timing reifyNode:node_modules/@tinyhttp/cookie-signature Completed in 1061ms
328 timing reifyNode:node_modules/@tinyhttp/content-disposition Completed in 1066ms
329 http fetch GET 200 https://registry.npmjs.org/@tinyhttp/router/-/router-2.2.2.tgz 1054ms (cache miss)
330 timing reifyNode:node_modules/@tinyhttp/router Completed in 1113ms
331 http fetch GET 200 https://registry.npmjs.org/mime/-/mime-4.0.1.tgz 1063ms (cache miss)
332 http fetch GET 200 https://registry.npmjs.org/@tinyhttp/accepts/-/accepts-2.2.1.tgz 1066ms (cache miss)
333 timing reifyNode:node_modules/@tinyhttp/accepts Completed in 1125ms
334 timing reifyNode:node_modules/mime Completed in 1134ms
335 http fetch GET 200 https://registry.npmjs.org/@tinyhttp/cookie/-/cookie-2.1.0.tgz 1077ms (cache miss)
336 timing reifyNode:node_modules/@tinyhttp/cookie Completed in 1144ms
337 http fetch GET 200 https://registry.npmjs.org/json5/-/json5-2.2.3.tgz 1087ms (cache miss)
338 http fetch GET 200 https://registry.npmjs.org/lowdb/-/lowdb-7.0.1.tgz 1092ms (cache miss)
339 http fetch GET 200 https://registry.npmjs.org/@tinyhttp/url/-/url-2.1.1.tgz 1104ms (cache miss)
340 timing reifyNode:node_modules/json-server/node_modules/json5 Completed in 1159ms
341 timing reifyNode:node_modules/lowdb Completed in 1160ms
342 timing reifyNode:node_modules/@tinyhttp/url Completed in 1163ms
343 http fetch GET 200 https://registry.npmjs.org/@tinyhttp/vary/-/vary-0.1.3.tgz 1110ms (cache miss)
344 timing reifyNode:node_modules/@tinyhttp/vary Completed in 1167ms
345 http fetch GET 200 https://registry.npmjs.org/@tinyhttp/forwarded/-/forwarded-2.1.2.tgz 1107ms (cache miss)
346 timing reifyNode:node_modules/@tinyhttp/forwarded Completed in 1168ms
347 http fetch GET 200 https://registry.npmjs.org/eta/-/eta-3.2.0.tgz 1135ms (cache miss)
348 timing reifyNode:node_modules/eta Completed in 1203ms
349 http fetch GET 200 https://registry.npmjs.org/@tinyhttp/app/-/app-2.2.3.tgz 1140ms (cache miss)
350 timing reifyNode:node_modules/@tinyhttp/app Completed in 1210ms
351 http fetch GET 200 https://registry.npmjs.org/type-fest/-/type-fest-3.13.1.tgz 1301ms (cache miss)
352 timing reifyNode:node_modules/dot-prop/node_modules/type-fest Completed in 1371ms
353 http fetch GET 200 https://registry.npmjs.org/@tinyhttp/proxy-addr/-/proxy-addr-2.1.3.tgz 1363ms (cache miss)
354 timing reifyNode:node_modules/@tinyhttp/proxy-addr Completed in 1427ms
355 http fetch GET 200 https://registry.npmjs.org/@tinyhttp/res/-/res-2.2.2.tgz 1384ms (cache miss)
356 timing reifyNode:node_modules/@tinyhttp/res Completed in 1445ms
357 http fetch GET 200 https://registry.npmjs.org/@tinyhttp/cors/-/cors-2.0.0.tgz 1637ms (cache miss)
358 timing reifyNode:node_modules/@tinyhttp/cors Completed in 1703ms
359 http fetch GET 200 https://registry.npmjs.org/@tinyhttp/send/-/send-2.2.1.tgz 1989ms (cache miss)
360 timing reifyNode:node_modules/@tinyhttp/send Completed in 2047ms
361 timing reify:unpack Completed in 2051ms
362 timing reify:unretire Completed in 1ms
363 timing build:queue Completed in 5ms
364 timing build:link:node_modules/json-server Completed in 13ms
365 timing build:link:node_modules/json-server/node_modules/json5 Completed in 12ms
366 timing build:link:node_modules/mime Completed in 12ms
367 timing build:link Completed in 13ms
368 timing build:deps Completed in 19ms
369 timing build Completed in 19ms
370 timing reify:build Completed in 20ms
371 timing reify:trash Completed in 2ms
372 timing reify:save Completed in 1431ms
373 timing reify Completed in 12596ms
374 silly ADD node_modules/totalist
375 silly ADD node_modules/mrmime
376 silly ADD node_modules/@polka/url
377 silly ADD node_modules/steno
378 silly ADD node_modules/@tinyhttp/etag
379 silly ADD node_modules/@tinyhttp/content-type
380 silly ADD node_modules/es-escape-html
381 silly ADD node_modules/@tinyhttp/vary
382 silly ADD node_modules/@tinyhttp/send
383 silly ADD node_modules/@tinyhttp/encode-url
384 silly ADD node_modules/@tinyhttp/cookie-signature
385 silly ADD node_modules/@tinyhttp/content-disposition
386 silly ADD node_modules/negotiator
387 silly ADD node_modules/mime
388 silly ADD node_modules/@tinyhttp/url
389 silly ADD node_modules/@tinyhttp/type-is
390 silly ADD node_modules/@tinyhttp/accepts
391 silly ADD node_modules/ipaddr.js
392 silly ADD node_modules/@tinyhttp/forwarded
393 silly ADD node_modules/es-vary
394 silly ADD node_modules/regexparam
395 silly ADD node_modules/header-range-parser
396 silly ADD node_modules/@tinyhttp/router
397 silly ADD node_modules/@tinyhttp/res
398 silly ADD node_modules/@tinyhttp/req
399 silly ADD node_modules/@tinyhttp/proxy-addr
400 silly ADD node_modules/@tinyhttp/cookie
401 silly ADD node_modules/sort-on
402 silly ADD node_modules/sirv
403 silly ADD node_modules/milliparsec
404 silly ADD node_modules/lowdb
405 silly ADD node_modules/inflection
406 silly ADD node_modules/eta
407 silly ADD node_modules/dot-prop
408 silly ADD node_modules/dot-prop/node_modules/type-fest
409 silly ADD node_modules/@tinyhttp/cors
410 silly ADD node_modules/@tinyhttp/app
411 silly ADD node_modules/json-server
412 silly ADD node_modules/json-server/node_modules/json5
413 silly ADD node_modules/json-server/node_modules/chalk
414 silly ADD
415 silly ADD
416 silly ADD
417 silly ADD
418 silly ADD
419 silly ADD
420 silly ADD
421 silly ADD
422 silly ADD
423 timing command:i Completed in 12609ms
424 verbose exit 0
425 timing npm Completed in 15036ms
426 info ok
