0 verbose cli C:\Program Files\nodejs\node.exe C:\Users\hamak\AppData\Roaming\npm\node_modules\npm\bin\npm-cli.js
1 info using npm@10.3.0
2 info using node@v21.4.0
3 timing npm:load:whichnode Completed in 2ms
4 timing config:load:defaults Completed in 2ms
5 timing config:load:file:C:\Users\hamak\AppData\Roaming\npm\node_modules\npm\npmrc Completed in 5ms
6 timing config:load:builtin Completed in 5ms
7 timing config:load:cli Completed in 1ms
8 timing config:load:env Completed in 0ms
9 timing config:load:file:C:\NextProjects\todo-app-next.js\.npmrc Completed in 0ms
10 timing config:load:project Completed in 3ms
11 timing config:load:file:C:\Users\hamak\.npmrc Completed in 1ms
12 timing config:load:user Completed in 1ms
13 timing config:load:file:C:\Users\hamak\AppData\Roaming\npm\etc\npmrc Completed in 1ms
14 timing config:load:global Completed in 1ms
15 timing config:load:setEnvs Completed in 1ms
16 timing config:load Completed in 15ms
17 timing npm:load:configload Completed in 15ms
18 timing config:load:flatten Completed in 2ms
19 timing npm:load:mkdirpcache Completed in 0ms
20 timing npm:load:mkdirplogs Completed in 1ms
21 verbose title npm install uuid
22 verbose argv "install" "uuid"
23 timing npm:load:setTitle Completed in 1ms
24 timing npm:load:display Completed in 0ms
25 verbose logfile logs-max:10 dir:C:\NextProjects\todo-app-next.js\customform\_logs\2024-02-06T06_53_37_804Z-
26 verbose logfile C:\NextProjects\todo-app-next.js\customform\_logs\2024-02-06T06_53_37_804Z-debug-0.log
27 timing npm:load:logFile Completed in 12ms
28 timing npm:load:timers Completed in 0ms
29 timing npm:load:configScope Completed in 0ms
30 timing npm:load Completed in 61ms
31 timing arborist:ctor Completed in 0ms
32 silly logfile start cleaning logs, removing 4 files
33 timing idealTree:init Completed in 161ms
34 timing idealTree:userRequests Completed in 1ms
35 silly idealTree buildDeps
36 silly fetch manifest uuid@*
37 silly logfile error removing log file C:\NextProjects\todo-app-next.js\customform\_logs\2024-02-06T06_07_20_748Z-debug-0.log [Error: EPERM: operation not permitted, lstat 'C:\NextProjects\todo-app-next.js\customform\_logs\2024-02-06T06_07_20_748Z-debug-0.log'] {
37 silly logfile   errno: -4048,
37 silly logfile   code: 'EPERM',
37 silly logfile   syscall: 'lstat',
37 silly logfile   path: 'C:\\NextProjects\\todo-app-next.js\\customform\\_logs\\2024-02-06T06_07_20_748Z-debug-0.log'
37 silly logfile }
38 silly logfile error removing log file C:\NextProjects\todo-app-next.js\customform\_logs\2024-02-06T06_03_23_745Z-debug-0.log [Error: EPERM: operation not permitted, lstat 'C:\NextProjects\todo-app-next.js\customform\_logs\2024-02-06T06_03_23_745Z-debug-0.log'] {
38 silly logfile   errno: -4048,
38 silly logfile   code: 'EPERM',
38 silly logfile   syscall: 'lstat',
38 silly logfile   path: 'C:\\NextProjects\\todo-app-next.js\\customform\\_logs\\2024-02-06T06_03_23_745Z-debug-0.log'
38 silly logfile }
39 silly logfile done cleaning log files
40 timing arborist:ctor Completed in 0ms
41 http fetch GET 200 https://registry.npmjs.org/uuid 271ms (cache miss)
42 silly placeDep ROOT uuid@9.0.1 OK for: todo-app-next.js@0.1.0 want: *
43 timing idealTree:#root Completed in 282ms
44 timing idealTree:node_modules/uuid Completed in 0ms
45 timing idealTree:buildDeps Completed in 284ms
46 timing idealTree:fixDepFlags Completed in 4ms
47 timing idealTree Completed in 457ms
48 timing reify:loadTrees Completed in 458ms
49 timing reify:diffTrees Completed in 12ms
50 silly reify moves {}
51 timing reify:retireShallow Completed in 0ms
52 timing reify:createSparse Completed in 6ms
53 timing reify:loadBundles Completed in 0ms
54 silly audit bulk request {
54 silly audit   '@aashutoshrathi/word-wrap': [ '1.2.6' ],
54 silly audit   '@alloc/quick-lru': [ '5.2.0' ],
54 silly audit   '@babel/runtime': [ '7.23.9' ],
54 silly audit   '@eslint-community/eslint-utils': [ '4.4.0' ],
54 silly audit   '@eslint-community/regexpp': [ '4.10.0' ],
54 silly audit   '@eslint/eslintrc': [ '2.1.4' ],
54 silly audit   '@eslint/js': [ '8.56.0' ],
54 silly audit   '@humanwhocodes/config-array': [ '0.11.14' ],
54 silly audit   '@humanwhocodes/module-importer': [ '1.0.1' ],
54 silly audit   '@humanwhocodes/object-schema': [ '2.0.2' ],
54 silly audit   '@isaacs/cliui': [ '8.0.2' ],
54 silly audit   'ansi-regex': [ '6.0.1', '5.0.1' ],
54 silly audit   'strip-ansi': [ '7.1.0', '6.0.1' ],
54 silly audit   '@jridgewell/gen-mapping': [ '0.3.3' ],
54 silly audit   '@jridgewell/resolve-uri': [ '3.1.1' ],
54 silly audit   '@jridgewell/set-array': [ '1.1.2' ],
54 silly audit   '@jridgewell/sourcemap-codec': [ '1.4.15' ],
54 silly audit   '@jridgewell/trace-mapping': [ '0.3.22' ],
54 silly audit   '@next/env': [ '14.1.0' ],
54 silly audit   '@next/eslint-plugin-next': [ '14.1.0' ],
54 silly audit   '@next/swc-darwin-arm64': [ '14.1.0' ],
54 silly audit   '@next/swc-darwin-x64': [ '14.1.0' ],
54 silly audit   '@next/swc-linux-arm64-gnu': [ '14.1.0' ],
54 silly audit   '@next/swc-linux-arm64-musl': [ '14.1.0' ],
54 silly audit   '@next/swc-linux-x64-gnu': [ '14.1.0' ],
54 silly audit   '@next/swc-linux-x64-musl': [ '14.1.0' ],
54 silly audit   '@next/swc-win32-arm64-msvc': [ '14.1.0' ],
54 silly audit   '@next/swc-win32-ia32-msvc': [ '14.1.0' ],
54 silly audit   '@next/swc-win32-x64-msvc': [ '14.1.0' ],
54 silly audit   '@nodelib/fs.scandir': [ '2.1.5' ],
54 silly audit   '@nodelib/fs.stat': [ '2.0.5' ],
54 silly audit   '@nodelib/fs.walk': [ '1.2.8' ],
54 silly audit   '@pkgjs/parseargs': [ '0.11.0' ],
54 silly audit   '@polka/url': [ '1.0.0-next.24' ],
54 silly audit   '@rushstack/eslint-patch': [ '1.7.2' ],
54 silly audit   '@swc/helpers': [ '0.5.2' ],
54 silly audit   '@tinyhttp/accepts': [ '2.2.1' ],
54 silly audit   '@tinyhttp/app': [ '2.2.3' ],
54 silly audit   '@tinyhttp/content-disposition': [ '2.2.0' ],
54 silly audit   '@tinyhttp/content-type': [ '0.1.4' ],
54 silly audit   '@tinyhttp/cookie': [ '2.1.0' ],
54 silly audit   '@tinyhttp/cookie-signature': [ '2.1.0' ],
54 silly audit   '@tinyhttp/cors': [ '2.0.0' ],
54 silly audit   '@tinyhttp/encode-url': [ '2.1.1' ],
54 silly audit   '@tinyhttp/etag': [ '2.1.1' ],
54 silly audit   '@tinyhttp/forwarded': [ '2.1.2' ],
54 silly audit   '@tinyhttp/proxy-addr': [ '2.1.3' ],
54 silly audit   '@tinyhttp/req': [ '2.2.2' ],
54 silly audit   '@tinyhttp/res': [ '2.2.2' ],
54 silly audit   '@tinyhttp/router': [ '2.2.2' ],
54 silly audit   '@tinyhttp/send': [ '2.2.1' ],
54 silly audit   '@tinyhttp/type-is': [ '2.2.2' ],
54 silly audit   '@tinyhttp/url': [ '2.1.1' ],
54 silly audit   '@tinyhttp/vary': [ '0.1.3' ],
54 silly audit   '@types/json5': [ '0.0.29' ],
54 silly audit   '@types/node': [ '20.11.16' ],
54 silly audit   '@types/prop-types': [ '15.7.11' ],
54 silly audit   '@types/react': [ '18.2.52' ],
54 silly audit   '@types/react-dom': [ '18.2.18' ],
54 silly audit   '@types/scheduler': [ '0.16.8' ],
54 silly audit   '@types/uuid': [ '9.0.8' ],
54 silly audit   '@typescript-eslint/parser': [ '6.20.0' ],
54 silly audit   '@typescript-eslint/scope-manager': [ '6.20.0' ],
54 silly audit   '@typescript-eslint/types': [ '6.20.0' ],
54 silly audit   '@typescript-eslint/typescript-estree': [ '6.20.0' ],
54 silly audit   'brace-expansion': [ '2.0.1', '1.1.11' ],
54 silly audit   minimatch: [ '9.0.3', '3.1.2' ],
54 silly audit   '@typescript-eslint/visitor-keys': [ '6.20.0' ],
54 silly audit   '@ungap/structured-clone': [ '1.2.0' ],
54 silly audit   acorn: [ '8.11.3' ],
54 silly audit   'acorn-jsx': [ '5.3.2' ],
54 silly audit   ajv: [ '6.12.6' ],
54 silly audit   'ansi-styles': [ '4.3.0', '6.2.1' ],
54 silly audit   'any-promise': [ '1.3.0' ],
54 silly audit   anymatch: [ '3.1.3' ],
54 silly audit   arg: [ '5.0.2' ],
54 silly audit   argparse: [ '2.0.1' ],
54 silly audit   'aria-query': [ '5.3.0' ],
54 silly audit   'array-buffer-byte-length': [ '1.0.0' ],
54 silly audit   'array-includes': [ '3.1.7' ],
54 silly audit   'array-union': [ '2.1.0' ],
54 silly audit   'array.prototype.findlastindex': [ '1.2.3' ],
54 silly audit   'array.prototype.flat': [ '1.3.2' ],
54 silly audit   'array.prototype.flatmap': [ '1.3.2' ],
54 silly audit   'array.prototype.tosorted': [ '1.1.2' ],
54 silly audit   'arraybuffer.prototype.slice': [ '1.0.2' ],
54 silly audit   'ast-types-flow': [ '0.0.8' ],
54 silly audit   'asynciterator.prototype': [ '1.0.0' ],
54 silly audit   autoprefixer: [ '10.4.17' ],
54 silly audit   'available-typed-arrays': [ '1.0.6' ],
54 silly audit   'axe-core': [ '4.7.0' ],
54 silly audit   'axobject-query': [ '3.2.1' ],
54 silly audit   'balanced-match': [ '1.0.2' ],
54 silly audit   'binary-extensions': [ '2.2.0' ],
54 silly audit   braces: [ '3.0.2' ],
54 silly audit   browserslist: [ '4.22.3' ],
54 silly audit   busboy: [ '1.6.0' ],
54 silly audit   'call-bind': [ '1.0.5' ],
54 silly audit   callsites: [ '3.1.0' ],
54 silly audit   'camelcase-css': [ '2.0.1' ],
54 silly audit   'caniuse-lite': [ '1.0.30001583' ],
54 silly audit   chalk: [ '4.1.2', '5.3.0' ],
54 silly audit   chokidar: [ '3.5.3' ],
54 silly audit   'glob-parent': [ '5.1.2', '6.0.2' ],
54 silly audit   'client-only': [ '0.0.1' ],
54 silly audit   'color-convert': [ '2.0.1' ],
54 silly audit   'color-name': [ '1.1.4' ],
54 silly audit   commander: [ '4.1.1' ],
54 silly audit   'concat-map': [ '0.0.1' ],
54 silly audit   'cross-spawn': [ '7.0.3' ],
54 silly audit   cssesc: [ '3.0.0' ],
54 silly audit   csstype: [ '3.1.3' ],
54 silly audit   'damerau-levenshtein': [ '1.0.8' ],
54 silly audit   debug: [ '4.3.4', '3.2.7' ],
54 silly audit   'deep-is': [ '0.1.4' ],
54 silly audit   'define-data-property': [ '1.1.1' ],
54 silly audit   'define-properties': [ '1.2.1' ],
54 silly audit   dequal: [ '2.0.3' ],
54 silly audit   didyoumean: [ '1.2.2' ],
54 silly audit   'dir-glob': [ '3.0.1' ],
54 silly audit   dlv: [ '1.1.3' ],
54 silly audit   doctrine: [ '3.0.0', '2.1.0' ],
54 silly audit   'dot-prop': [ '8.0.2' ],
54 silly audit   'type-fest': [ '3.13.1', '0.20.2' ],
54 silly audit   eastasianwidth: [ '0.2.0' ],
54 silly audit   'electron-to-chromium': [ '1.4.656' ],
54 silly audit   'emoji-regex': [ '9.2.2', '8.0.0' ],
54 silly audit   'enhanced-resolve': [ '5.15.0' ],
54 silly audit   'es-abstract': [ '1.22.3' ],
54 silly audit   'es-escape-html': [ '0.1.1' ],
54 silly audit   'es-iterator-helpers': [ '1.0.15' ],
54 silly audit   'es-set-tostringtag': [ '2.0.2' ],
54 silly audit   'es-shim-unscopables': [ '1.0.2' ],
54 silly audit   'es-to-primitive': [ '1.2.1' ],
54 silly audit   'es-vary': [ '0.1.2' ],
54 silly audit   escalade: [ '3.1.1' ],
54 silly audit   'escape-string-regexp': [ '4.0.0' ],
54 silly audit   eslint: [ '8.56.0' ],
54 silly audit   'eslint-config-next': [ '14.1.0' ],
54 silly audit   'eslint-import-resolver-node': [ '0.3.9' ],
54 silly audit   'eslint-import-resolver-typescript': [ '3.6.1' ],
54 silly audit   'eslint-module-utils': [ '2.8.0' ],
54 silly audit   'eslint-plugin-import': [ '2.29.1' ],
54 silly audit   semver: [ '6.3.1', '7.5.4' ],
54 silly audit   'eslint-plugin-jsx-a11y': [ '6.8.0' ],
54 silly audit   'eslint-plugin-react': [ '7.33.2' ],
54 silly audit   'eslint-plugin-react-hooks': [ '4.6.0' ],
54 silly audit   resolve: [ '2.0.0-next.5', '1.22.8' ],
54 silly audit   'eslint-scope': [ '7.2.2' ],
54 silly audit   'eslint-visitor-keys': [ '3.4.3' ],
54 silly audit   espree: [ '9.6.1' ],
54 silly audit   esquery: [ '1.5.0' ],
54 silly audit   esrecurse: [ '4.3.0' ],
54 silly audit   estraverse: [ '5.3.0' ],
54 silly audit   esutils: [ '2.0.3' ],
54 silly audit   eta: [ '3.2.0' ],
54 silly audit   'fast-deep-equal': [ '3.1.3' ],
54 silly audit   'fast-glob': [ '3.3.2' ],
54 silly audit   'fast-json-stable-stringify': [ '2.1.0' ],
54 silly audit   'fast-levenshtein': [ '2.0.6' ],
54 silly audit   fastq: [ '1.17.0' ],
54 silly audit   'file-entry-cache': [ '6.0.1' ],
54 silly audit   'fill-range': [ '7.0.1' ],
54 silly audit   'find-up': [ '5.0.0' ],
54 silly audit   'flat-cache': [ '3.2.0' ],
54 silly audit   flatted: [ '3.2.9' ],
54 silly audit   'for-each': [ '0.3.3' ],
54 silly audit   'foreground-child': [ '3.1.1' ],
54 silly audit   'fraction.js': [ '4.3.7' ],
54 silly audit   'fs.realpath': [ '1.0.0' ],
54 silly audit   fsevents: [ '2.3.3' ],
54 silly audit   'function-bind': [ '1.1.2' ],
54 silly audit   'function.prototype.name': [ '1.1.6' ],
54 silly audit   'functions-have-names': [ '1.2.3' ],
54 silly audit   'get-intrinsic': [ '1.2.2' ],
54 silly audit   'get-symbol-description': [ '1.0.0' ],
54 silly audit   'get-tsconfig': [ '4.7.2' ],
54 silly audit   glob: [ '10.3.10', '7.2.3' ],
54 silly audit   globals: [ '13.24.0' ],
54 silly audit   globalthis: [ '1.0.3' ],
54 silly audit   globby: [ '11.1.0' ],
54 silly audit   gopd: [ '1.0.1' ],
54 silly audit   'graceful-fs': [ '4.2.11' ],
54 silly audit   graphemer: [ '1.4.0' ],
54 silly audit   'has-bigints': [ '1.0.2' ],
54 silly audit   'has-flag': [ '4.0.0' ],
54 silly audit   'has-property-descriptors': [ '1.0.1' ],
54 silly audit   'has-proto': [ '1.0.1' ],
54 silly audit   'has-symbols': [ '1.0.3' ],
54 silly audit   'has-tostringtag': [ '1.0.2' ],
54 silly audit   hasown: [ '2.0.0' ],
54 silly audit   'header-range-parser': [ '1.1.3' ],
54 silly audit   ignore: [ '5.3.1' ],
54 silly audit   'import-fresh': [ '3.3.0' ],
54 silly audit   imurmurhash: [ '0.1.4' ],
54 silly audit   inflection: [ '3.0.0' ],
54 silly audit   inflight: [ '1.0.6' ],
54 silly audit   inherits: [ '2.0.4' ],
54 silly audit   'internal-slot': [ '1.0.6' ],
54 silly audit   'ipaddr.js': [ '2.1.0' ],
54 silly audit   'is-array-buffer': [ '3.0.2' ],
54 silly audit   'is-async-function': [ '2.0.0' ],
54 silly audit   'is-bigint': [ '1.0.4' ],
54 silly audit   'is-binary-path': [ '2.1.0' ],
54 silly audit   'is-boolean-object': [ '1.1.2' ],
54 silly audit   'is-callable': [ '1.2.7' ],
54 silly audit   'is-core-module': [ '2.13.1' ],
54 silly audit   'is-date-object': [ '1.0.5' ],
54 silly audit   'is-extglob': [ '2.1.1' ],
54 silly audit   'is-finalizationregistry': [ '1.0.2' ],
54 silly audit   'is-fullwidth-code-point': [ '3.0.0' ],
54 silly audit   'is-generator-function': [ '1.0.10' ],
54 silly audit   'is-glob': [ '4.0.3' ],
54 silly audit   'is-map': [ '2.0.2' ],
54 silly audit   'is-negative-zero': [ '2.0.2' ],
54 silly audit   'is-number': [ '7.0.0' ],
54 silly audit   'is-number-object': [ '1.0.7' ],
54 silly audit   'is-path-inside': [ '3.0.3' ],
54 silly audit   'is-regex': [ '1.1.4' ],
54 silly audit   'is-set': [ '2.0.2' ],
54 silly audit   'is-shared-array-buffer': [ '1.0.2' ],
54 silly audit   'is-string': [ '1.0.7' ],
54 silly audit   'is-symbol': [ '1.0.4' ],
54 silly audit   'is-typed-array': [ '1.1.13' ],
54 silly audit   'is-weakmap': [ '2.0.1' ],
54 silly audit   'is-weakref': [ '1.0.2' ],
54 silly audit   'is-weakset': [ '2.0.2' ],
54 silly audit   isarray: [ '2.0.5' ],
54 silly audit   isexe: [ '2.0.0' ],
54 silly audit   'iterator.prototype': [ '1.1.2' ],
54 silly audit   jackspeak: [ '2.3.6' ],
54 silly audit   jiti: [ '1.21.0' ],
54 silly audit   'js-tokens': [ '4.0.0' ],
54 silly audit   'js-yaml': [ '4.1.0' ],
54 silly audit   'json-buffer': [ '3.0.1' ],
54 silly audit   'json-schema-traverse': [ '0.4.1' ],
54 silly audit   'json-server': [ '1.0.0-alpha.23' ],
54 silly audit   json5: [ '2.2.3', '1.0.2' ],
54 silly audit   'json-stable-stringify-without-jsonify': [ '1.0.1' ],
54 silly audit   'jsx-ast-utils': [ '3.3.5' ],
54 silly audit   keyv: [ '4.5.4' ],
54 silly audit   'language-subtag-registry': [ '0.3.22' ],
54 silly audit   'language-tags': [ '1.0.9' ],
54 silly audit   levn: [ '0.4.1' ],
54 silly audit   lilconfig: [ '2.1.0', '3.0.0' ],
54 silly audit   'lines-and-columns': [ '1.2.4' ],
54 silly audit   'locate-path': [ '6.0.0' ],
54 silly audit   'lodash.merge': [ '4.6.2' ],
54 silly audit   'loose-envify': [ '1.4.0' ],
54 silly audit   lowdb: [ '7.0.1' ],
54 silly audit   'lru-cache': [ '10.2.0', '6.0.0' ],
54 silly audit   merge2: [ '1.4.1' ],
54 silly audit   micromatch: [ '4.0.5' ],
54 silly audit   milliparsec: [ '2.3.0' ],
54 silly audit   mime: [ '4.0.1' ],
54 silly audit   minimist: [ '1.2.8' ],
54 silly audit   minipass: [ '7.0.4' ],
54 silly audit   mrmime: [ '2.0.0' ],
54 silly audit   ms: [ '2.1.2' ],
54 silly audit   mz: [ '2.7.0' ],
54 silly audit   nanoid: [ '3.3.7' ],
54 silly audit   'natural-compare': [ '1.4.0' ],
54 silly audit   negotiator: [ '0.6.3' ],
54 silly audit   next: [ '14.1.0' ],
54 silly audit   postcss: [ '8.4.31', '8.4.33' ],
54 silly audit   'node-releases': [ '2.0.14' ],
54 silly audit   'normalize-path': [ '3.0.0' ],
54 silly audit   'normalize-range': [ '0.1.2' ],
54 silly audit   'object-assign': [ '4.1.1' ],
54 silly audit   'object-hash': [ '3.0.0' ],
54 silly audit   'object-inspect': [ '1.13.1' ],
54 silly audit   'object-keys': [ '1.1.1' ],
54 silly audit   'object.assign': [ '4.1.5' ],
54 silly audit   'object.entries': [ '1.1.7' ],
54 silly audit   'object.fromentries': [ '2.0.7' ],
54 silly audit   'object.groupby': [ '1.0.1' ],
54 silly audit   'object.hasown': [ '1.1.3' ],
54 silly audit   'object.values': [ '1.1.7' ],
54 silly audit   once: [ '1.4.0' ],
54 silly audit   optionator: [ '0.9.3' ],
54 silly audit   'p-limit': [ '3.1.0' ],
54 silly audit   'p-locate': [ '5.0.0' ],
54 silly audit   'parent-module': [ '1.0.1' ],
54 silly audit   'path-exists': [ '4.0.0' ],
54 silly audit   'path-is-absolute': [ '1.0.1' ],
54 silly audit   'path-key': [ '3.1.1' ],
54 silly audit   'path-parse': [ '1.0.7' ],
54 silly audit   'path-scurry': [ '1.10.1' ],
54 silly audit   'path-type': [ '4.0.0' ],
54 silly audit   picocolors: [ '1.0.0' ],
54 silly audit   picomatch: [ '2.3.1' ],
54 silly audit   pify: [ '2.3.0' ],
54 silly audit   pirates: [ '4.0.6' ],
54 silly audit   'postcss-import': [ '15.1.0' ],
54 silly audit   'postcss-js': [ '4.0.1' ],
54 silly audit   'postcss-load-config': [ '4.0.2' ],
54 silly audit   'postcss-nested': [ '6.0.1' ],
54 silly audit   'postcss-selector-parser': [ '6.0.15' ],
54 silly audit   'postcss-value-parser': [ '4.2.0' ],
54 silly audit   'prelude-ls': [ '1.2.1' ],
54 silly audit   'prop-types': [ '15.8.1' ],
54 silly audit   punycode: [ '2.3.1' ],
54 silly audit   'queue-microtask': [ '1.2.3' ],
54 silly audit   react: [ '18.2.0' ],
54 silly audit   'react-dom': [ '18.2.0' ],
54 silly audit   'react-is': [ '16.13.1' ],
54 silly audit   'read-cache': [ '1.0.0' ],
54 silly audit   readdirp: [ '3.6.0' ],
54 silly audit   'reflect.getprototypeof': [ '1.0.4' ],
54 silly audit   'regenerator-runtime': [ '0.14.1' ],
54 silly audit   'regexp.prototype.flags': [ '1.5.1' ],
54 silly audit   regexparam: [ '2.0.2' ],
54 silly audit   'resolve-from': [ '4.0.0' ],
54 silly audit   'resolve-pkg-maps': [ '1.0.0' ],
54 silly audit   reusify: [ '1.0.4' ],
54 silly audit   rimraf: [ '3.0.2' ],
54 silly audit   'run-parallel': [ '1.2.0' ],
54 silly audit   'safe-array-concat': [ '1.1.0' ],
54 silly audit   'safe-regex-test': [ '1.0.2' ],
54 silly audit   scheduler: [ '0.23.0' ],
54 silly audit   'set-function-length': [ '1.2.0' ],
54 silly audit   'set-function-name': [ '2.0.1' ],
54 silly audit   'shebang-command': [ '2.0.0' ],
54 silly audit   'shebang-regex': [ '3.0.0' ],
54 silly audit   'side-channel': [ '1.0.4' ],
54 silly audit   'signal-exit': [ '4.1.0' ],
54 silly audit   sirv: [ '2.0.4' ],
54 silly audit   slash: [ '3.0.0' ],
54 silly audit   'sort-on': [ '6.0.0' ],
54 silly audit   'source-map-js': [ '1.0.2' ],
54 silly audit   steno: [ '4.0.2' ],
54 silly audit   streamsearch: [ '1.1.0' ],
54 silly audit   'string-width': [ '5.1.2', '4.2.3' ],
54 silly audit   'string.prototype.matchall': [ '4.0.10' ],
54 silly audit   'string.prototype.trim': [ '1.2.8' ],
54 silly audit   'string.prototype.trimend': [ '1.0.7' ],
54 silly audit   'string.prototype.trimstart': [ '1.0.7' ],
54 silly audit   'strip-bom': [ '3.0.0' ],
54 silly audit   'strip-json-comments': [ '3.1.1' ],
54 silly audit   'styled-jsx': [ '5.1.1' ],
54 silly audit   sucrase: [ '3.35.0' ],
54 silly audit   'supports-color': [ '7.2.0' ],
54 silly audit   'supports-preserve-symlinks-flag': [ '1.0.0' ],
54 silly audit   tailwindcss: [ '3.4.1' ],
54 silly audit   tapable: [ '2.2.1' ],
54 silly audit   'text-table': [ '0.2.0' ],
54 silly audit   thenify: [ '3.3.1' ],
54 silly audit   'thenify-all': [ '1.6.0' ],
54 silly audit   'to-regex-range': [ '5.0.1' ],
54 silly audit   totalist: [ '3.0.1' ],
54 silly audit   'ts-api-utils': [ '1.0.3' ],
54 silly audit   'ts-interface-checker': [ '0.1.13' ],
54 silly audit   'tsconfig-paths': [ '3.15.0' ],
54 silly audit   tslib: [ '2.6.2' ],
54 silly audit   'type-check': [ '0.4.0' ],
54 silly audit   'typed-array-buffer': [ '1.0.0' ],
54 silly audit   'typed-array-byte-length': [ '1.0.0' ],
54 silly audit   'typed-array-byte-offset': [ '1.0.0' ],
54 silly audit   'typed-array-length': [ '1.0.4' ],
54 silly audit   typescript: [ '5.3.3' ],
54 silly audit   'unbox-primitive': [ '1.0.2' ],
54 silly audit   'undici-types': [ '5.26.5' ],
54 silly audit   'update-browserslist-db': [ '1.0.13' ],
54 silly audit   'uri-js': [ '4.4.1' ],
54 silly audit   'util-deprecate': [ '1.0.2' ],
54 silly audit   which: [ '2.0.2' ],
54 silly audit   'which-boxed-primitive': [ '1.0.2' ],
54 silly audit   'which-builtin-type': [ '1.1.3' ],
54 silly audit   'which-collection': [ '1.0.1' ],
54 silly audit   'which-typed-array': [ '1.1.14' ],
54 silly audit   'wrap-ansi': [ '8.1.0', '7.0.0' ],
54 silly audit   wrappy: [ '1.0.2' ],
54 silly audit   yallist: [ '4.0.0' ],
54 silly audit   yaml: [ '2.3.4' ],
54 silly audit   'yocto-queue': [ '0.1.0' ],
54 silly audit   uuid: [ '9.0.1' ]
54 silly audit }
55 verbose reify failed optional dependency C:\NextProjects\todo-app-next.js\node_modules\fsevents
56 silly reify mark deleted [ 'C:\\NextProjects\\todo-app-next.js\\node_modules\\fsevents' ]
57 verbose reify failed optional dependency C:\NextProjects\todo-app-next.js\node_modules\@next\swc-win32-ia32-msvc
58 silly reify mark deleted [
58 silly reify   'C:\\NextProjects\\todo-app-next.js\\node_modules\\@next\\swc-win32-ia32-msvc'
58 silly reify ]
59 verbose reify failed optional dependency C:\NextProjects\todo-app-next.js\node_modules\@next\swc-win32-arm64-msvc
60 silly reify mark deleted [
60 silly reify   'C:\\NextProjects\\todo-app-next.js\\node_modules\\@next\\swc-win32-arm64-msvc'
60 silly reify ]
61 verbose reify failed optional dependency C:\NextProjects\todo-app-next.js\node_modules\@next\swc-linux-x64-musl
62 silly reify mark deleted [
62 silly reify   'C:\\NextProjects\\todo-app-next.js\\node_modules\\@next\\swc-linux-x64-musl'
62 silly reify ]
63 verbose reify failed optional dependency C:\NextProjects\todo-app-next.js\node_modules\@next\swc-linux-x64-gnu
64 silly reify mark deleted [
64 silly reify   'C:\\NextProjects\\todo-app-next.js\\node_modules\\@next\\swc-linux-x64-gnu'
64 silly reify ]
65 verbose reify failed optional dependency C:\NextProjects\todo-app-next.js\node_modules\@next\swc-linux-arm64-musl
66 silly reify mark deleted [
66 silly reify   'C:\\NextProjects\\todo-app-next.js\\node_modules\\@next\\swc-linux-arm64-musl'
66 silly reify ]
67 verbose reify failed optional dependency C:\NextProjects\todo-app-next.js\node_modules\@next\swc-linux-arm64-gnu
68 silly reify mark deleted [
68 silly reify   'C:\\NextProjects\\todo-app-next.js\\node_modules\\@next\\swc-linux-arm64-gnu'
68 silly reify ]
69 verbose reify failed optional dependency C:\NextProjects\todo-app-next.js\node_modules\@next\swc-darwin-x64
70 silly reify mark deleted [
70 silly reify   'C:\\NextProjects\\todo-app-next.js\\node_modules\\@next\\swc-darwin-x64'
70 silly reify ]
71 verbose reify failed optional dependency C:\NextProjects\todo-app-next.js\node_modules\@next\swc-darwin-arm64
72 silly reify mark deleted [
72 silly reify   'C:\\NextProjects\\todo-app-next.js\\node_modules\\@next\\swc-darwin-arm64'
72 silly reify ]
73 timing reifyNode:node_modules/fsevents Completed in 5ms
74 timing reifyNode:node_modules/@next/swc-win32-ia32-msvc Completed in 5ms
75 timing reifyNode:node_modules/@next/swc-win32-arm64-msvc Completed in 5ms
76 timing reifyNode:node_modules/@next/swc-linux-x64-musl Completed in 5ms
77 timing reifyNode:node_modules/@next/swc-linux-x64-gnu Completed in 6ms
78 timing reifyNode:node_modules/@next/swc-linux-arm64-musl Completed in 6ms
79 timing reifyNode:node_modules/@next/swc-linux-arm64-gnu Completed in 6ms
80 timing reifyNode:node_modules/@next/swc-darwin-x64 Completed in 5ms
81 timing reifyNode:node_modules/@next/swc-darwin-arm64 Completed in 5ms
82 silly tarball no local data for uuid@https://registry.npmjs.org/uuid/-/uuid-9.0.1.tgz. Extracting by manifest.
83 http fetch POST 200 https://registry.npmjs.org/-/npm/v1/security/advisories/bulk 160ms
84 timing auditReport:getReport Completed in 165ms
85 silly audit report {}
86 timing auditReport:init Completed in 0ms
87 timing reify:audit Completed in 166ms
88 http fetch GET 200 https://registry.npmjs.org/uuid/-/uuid-9.0.1.tgz 347ms (cache miss)
89 timing reifyNode:node_modules/uuid Completed in 358ms
90 timing reify:unpack Completed in 359ms
91 timing reify:unretire Completed in 1ms
92 timing build:queue Completed in 1ms
93 timing build:link:node_modules/uuid Completed in 7ms
94 timing build:link Completed in 7ms
95 timing build:deps Completed in 10ms
96 timing build Completed in 10ms
97 timing reify:build Completed in 11ms
98 timing reify:trash Completed in 2ms
99 timing reify:save Completed in 189ms
100 timing reify Completed in 1175ms
101 silly ADD node_modules/uuid
102 silly ADD
103 silly ADD
104 silly ADD
105 silly ADD
106 silly ADD
107 silly ADD
108 silly ADD
109 silly ADD
110 silly ADD
111 timing command:install Completed in 1184ms
112 verbose exit 0
113 timing npm Completed in 1506ms
114 info ok
