0 verbose cli C:\Program Files\nodejs\node.exe C:\Users\hamak\AppData\Roaming\npm\node_modules\npm\bin\npm-cli.js
1 info using npm@10.3.0
2 info using node@v21.4.0
3 timing npm:load:whichnode Completed in 7ms
4 timing config:load:defaults Completed in 5ms
5 timing config:load:file:C:\Users\hamak\AppData\Roaming\npm\node_modules\npm\npmrc Completed in 13ms
6 timing config:load:builtin Completed in 13ms
7 timing config:load:cli Completed in 7ms
8 timing config:load:env Completed in 1ms
9 timing config:load:file:C:\NextProjects\todo-app-next.js\.npmrc Completed in 1ms
10 timing config:load:project Completed in 7ms
11 timing config:load:file:C:\Users\hamak\.npmrc Completed in 1ms
12 timing config:load:user Completed in 1ms
13 timing config:load:file:C:\Users\hamak\AppData\Roaming\npm\etc\npmrc Completed in 1ms
14 timing config:load:global Completed in 1ms
15 timing config:load:setEnvs Completed in 2ms
16 timing config:load Completed in 41ms
17 timing npm:load:configload Completed in 42ms
18 timing config:load:flatten Completed in 12ms
19 timing npm:load:mkdirpcache Completed in 1ms
20 timing npm:load:mkdirplogs Completed in 2ms
21 verbose title npm run dev
22 verbose argv "run" "dev"
23 timing npm:load:setTitle Completed in 2ms
24 timing npm:load:display Completed in 3ms
25 verbose logfile logs-max:10 dir:C:\NextProjects\todo-app-next.js\customform\_logs\2024-02-03T04_02_46_829Z-
26 verbose logfile C:\NextProjects\todo-app-next.js\customform\_logs\2024-02-03T04_02_46_829Z-debug-0.log
27 timing npm:load:logFile Completed in 34ms
28 timing npm:load:timers Completed in 1ms
29 timing npm:load:configScope Completed in 1ms
30 timing npm:load Completed in 172ms
31 silly logfile done cleaning log files
32 http fetch GET 200 https://registry.npmjs.org/npm 396ms
